<?xml version="1.0" encoding="UTF-8"?>
<testng-results ignored="0" total="1" passed="1" failed="0" skipped="0">
  <reporter-output>
  </reporter-output>
  <suite started-at="2024-02-01T20:15:51 IST" name="Default suite" finished-at="2024-02-01T20:15:54 IST" duration-ms="2375">
    <groups>
    </groups>
    <test started-at="2024-02-01T20:15:51 IST" name="Default test" finished-at="2024-02-01T20:15:54 IST" duration-ms="2375">
      <class name="HTTP_Vlaidate.BDD_Velidate">
        <test-method signature="Test01()[pri:0, instance:HTTP_Vlaidate.BDD_Velidate@5a63f509]" started-at="2024-02-01T20:15:51 IST" name="Test01" finished-at="2024-02-01T20:15:54 IST" duration-ms="2329" status="PASS">
          <reporter-output>
          </reporter-output>
        </test-method> <!-- Test01 -->
      </class> <!-- HTTP_Vlaidate.BDD_Velidate -->
    </test> <!-- Default test -->
  </suite> <!-- Default suite -->
</testng-results>
