<?xml version="1.0" encoding="UTF-8"?>
<!-- Generated by org.testng.reporters.JUnitReportReporter -->
<testsuite hostname="radhey" failures="0" tests="2767" name="MTO.Standard_Sku" time="0.697" errors="0" timestamp="2024-04-16T17:35:52 IST" skipped="0">
  <testcase classname="MTO.Standard_Sku" name="create" time="0.000"/>
  <system-out/>
  <testcase classname="MTO.Standard_Sku" name="create" time="0.000"/>
  <system-out/>
  <testcase classname="MTO.Standard_Sku" name="create" time="0.000"/>
  <system-out/>
  <testcase classname="MTO.Standard_Sku" name="create" time="0.000"/>
  <system-out/>
  <testcase classname="MTO.Standard_Sku" name="create" time="0.000"/>
  <system-out/>
  <testcase classname="MTO.Standard_Sku" name="create" time="0.000"/>
  <system-out/>
  <testcase classname="MTO.Standard_Sku" name="create" time="0.001"/>
  <system-out/>
  <testcase classname="MTO.Standard_Sku" name="create" time="0.000"/>
  <system-out/>
  <testcase classname="MTO.Standard_Sku" name="create" time="0.000"/>
  <system-out/>
  <testcase classname="MTO.Standard_Sku" name="create" time="0.001"/>
  <system-out/>
  <testcase classname="MTO.Standard_Sku" name="create" time="0.001"/>
  <system-out/>
  <testcase classname="MTO.Standard_Sku" name="create" time="0.000"/>
  <system-out/>
  <testcase classname="MTO.Standard_Sku" name="create" time="0.000"/>
  <system-out/>
  <testcase classname="MTO.Standard_Sku" name="create" time="0.000"/>
  <system-out/>
  <testcase classname="MTO.Standard_Sku" name="create" time="0.000"/>
  <system-out/>
  <testcase classname="MTO.Standard_Sku" name="create" time="0.000"/>
  <system-out/>
  <testcase classname="MTO.Standard_Sku" name="create" time="0.000"/>
  <system-out/>
  <testcase classname="MTO.Standard_Sku" name="create" time="0.000"/>
  <system-out/>
  <testcase classname="MTO.Standard_Sku" name="create" time="0.001"/>
  <system-out/>
  <testcase classname="MTO.Standard_Sku" name="create" time="0.001"/>
  <system-out/>
  <testcase classname="MTO.Standard_Sku" name="create" time="0.002"/>
  <system-out/>
  <testcase classname="MTO.Standard_Sku" name="create" time="0.000"/>
  <system-out/>
  <testcase classname="MTO.Standard_Sku" name="create" time="0.000"/>
  <system-out/>
  <testcase classname="MTO.Standard_Sku" name="create" time="0.000"/>
  <system-out/>
  <testcase classname="MTO.Standard_Sku" name="create" time="0.001"/>
  <system-out/>
  <testcase classname="MTO.Standard_Sku" name="create" time="0.000"/>
  <system-out/>
  <testcase classname="MTO.Standard_Sku" name="create" time="0.000"/>
  <system-out/>
  <testcase classname="MTO.Standard_Sku" name="create" time="0.000"/>
  <system-out/>
  <testcase classname="MTO.Standard_Sku" name="create" time="0.000"/>
  <system-out/>
  <testcase classname="MTO.Standard_Sku" name="create" time="0.000"/>
  <system-out/>
  <testcase classname="MTO.Standard_Sku" name="create" time="0.000"/>
  <system-out/>
  <testcase classname="MTO.Standard_Sku" name="create" time="0.000"/>
  <system-out/>
  <testcase classname="MTO.Standard_Sku" name="create" time="0.000"/>
  <system-out/>
  <testcase classname="MTO.Standard_Sku" name="create" time="0.000"/>
  <system-out/>
  <testcase classname="MTO.Standard_Sku" name="create" time="0.000"/>
  <system-out/>
  <testcase classname="MTO.Standard_Sku" name="create" time="0.000"/>
  <system-out/>
  <testcase classname="MTO.Standard_Sku" name="create" time="0.000"/>
  <system-out/>
  <testcase classname="MTO.Standard_Sku" name="create" time="0.000"/>
  <system-out/>
  <testcase classname="MTO.Standard_Sku" name="create" time="0.000"/>
  <system-out/>
  <testcase classname="MTO.Standard_Sku" name="create" time="0.000"/>
  <system-out/>
  <testcase classname="MTO.Standard_Sku" name="create" time="0.000"/>
  <system-out/>
  <testcase classname="MTO.Standard_Sku" name="create" time="0.000"/>
  <system-out/>
  <testcase classname="MTO.Standard_Sku" name="create" time="0.000"/>
  <system-out/>
  <testcase classname="MTO.Standard_Sku" name="create" time="0.001"/>
  <system-out/>
  <testcase classname="MTO.Standard_Sku" name="create" time="0.000"/>
  <system-out/>
  <testcase classname="MTO.Standard_Sku" name="create" time="0.000"/>
  <system-out/>
  <testcase classname="MTO.Standard_Sku" name="create" time="0.000"/>
  <system-out/>
  <testcase classname="MTO.Standard_Sku" name="create" time="0.001"/>
  <system-out/>
  <testcase classname="MTO.Standard_Sku" name="create" time="0.001"/>
  <system-out/>
  <testcase classname="MTO.Standard_Sku" name="create" time="0.000"/>
  <system-out/>
  <testcase classname="MTO.Standard_Sku" name="create" time="0.000"/>
  <system-out/>
  <testcase classname="MTO.Standard_Sku" name="create" time="0.000"/>
  <system-out/>
  <testcase classname="MTO.Standard_Sku" name="create" time="0.001"/>
  <system-out/>
  <testcase classname="MTO.Standard_Sku" name="create" time="0.000"/>
  <system-out/>
  <testcase classname="MTO.Standard_Sku" name="create" time="0.000"/>
  <system-out/>
  <testcase classname="MTO.Standard_Sku" name="create" time="0.000"/>
  <system-out/>
  <testcase classname="MTO.Standard_Sku" name="create" time="0.000"/>
  <system-out/>
  <testcase classname="MTO.Standard_Sku" name="create" time="0.000"/>
  <system-out/>
  <testcase classname="MTO.Standard_Sku" name="create" time="0.000"/>
  <system-out/>
  <testcase classname="MTO.Standard_Sku" name="create" time="0.000"/>
  <system-out/>
  <testcase classname="MTO.Standard_Sku" name="create" time="0.009"/>
  <system-out/>
  <testcase classname="MTO.Standard_Sku" name="create" time="0.000"/>
  <system-out/>
  <testcase classname="MTO.Standard_Sku" name="create" time="0.000"/>
  <system-out/>
  <testcase classname="MTO.Standard_Sku" name="create" time="0.001"/>
  <system-out/>
  <testcase classname="MTO.Standard_Sku" name="create" time="0.001"/>
  <system-out/>
  <testcase classname="MTO.Standard_Sku" name="create" time="0.000"/>
  <system-out/>
  <testcase classname="MTO.Standard_Sku" name="create" time="0.000"/>
  <system-out/>
  <testcase classname="MTO.Standard_Sku" name="create" time="0.000"/>
  <system-out/>
  <testcase classname="MTO.Standard_Sku" name="create" time="0.001"/>
  <system-out/>
  <testcase classname="MTO.Standard_Sku" name="create" time="0.000"/>
  <system-out/>
  <testcase classname="MTO.Standard_Sku" name="create" time="0.001"/>
  <system-out/>
  <testcase classname="MTO.Standard_Sku" name="create" time="0.000"/>
  <system-out/>
  <testcase classname="MTO.Standard_Sku" name="create" time="0.000"/>
  <system-out/>
  <testcase classname="MTO.Standard_Sku" name="create" time="0.001"/>
  <system-out/>
  <testcase classname="MTO.Standard_Sku" name="create" time="0.001"/>
  <system-out/>
  <testcase classname="MTO.Standard_Sku" name="create" time="0.000"/>
  <system-out/>
  <testcase classname="MTO.Standard_Sku" name="create" time="0.000"/>
  <system-out/>
  <testcase classname="MTO.Standard_Sku" name="create" time="0.000"/>
  <system-out/>
  <testcase classname="MTO.Standard_Sku" name="create" time="0.000"/>
  <system-out/>
  <testcase classname="MTO.Standard_Sku" name="create" time="0.000"/>
  <system-out/>
  <testcase classname="MTO.Standard_Sku" name="create" time="0.000"/>
  <system-out/>
  <testcase classname="MTO.Standard_Sku" name="create" time="0.000"/>
  <system-out/>
  <testcase classname="MTO.Standard_Sku" name="create" time="0.000"/>
  <system-out/>
  <testcase classname="MTO.Standard_Sku" name="create" time="0.000"/>
  <system-out/>
  <testcase classname="MTO.Standard_Sku" name="create" time="0.000"/>
  <system-out/>
  <testcase classname="MTO.Standard_Sku" name="create" time="0.001"/>
  <system-out/>
  <testcase classname="MTO.Standard_Sku" name="create" time="0.000"/>
  <system-out/>
  <testcase classname="MTO.Standard_Sku" name="create" time="0.000"/>
  <system-out/>
  <testcase classname="MTO.Standard_Sku" name="create" time="0.000"/>
  <system-out/>
  <testcase classname="MTO.Standard_Sku" name="create" time="0.000"/>
  <system-out/>
  <testcase classname="MTO.Standard_Sku" name="create" time="0.000"/>
  <system-out/>
  <testcase classname="MTO.Standard_Sku" name="create" time="0.000"/>
  <system-out/>
  <testcase classname="MTO.Standard_Sku" name="create" time="0.001"/>
  <system-out/>
  <testcase classname="MTO.Standard_Sku" name="create" time="0.000"/>
  <system-out/>
  <testcase classname="MTO.Standard_Sku" name="create" time="0.000"/>
  <system-out/>
  <testcase classname="MTO.Standard_Sku" name="create" time="0.000"/>
  <system-out/>
  <testcase classname="MTO.Standard_Sku" name="create" time="0.000"/>
  <system-out/>
  <testcase classname="MTO.Standard_Sku" name="create" time="0.001"/>
  <system-out/>
  <testcase classname="MTO.Standard_Sku" name="create" time="0.001"/>
  <system-out/>
  <testcase classname="MTO.Standard_Sku" name="create" time="0.000"/>
  <system-out/>
  <testcase classname="MTO.Standard_Sku" name="create" time="0.000"/>
  <system-out/>
  <testcase classname="MTO.Standard_Sku" name="create" time="0.000"/>
  <system-out/>
  <testcase classname="MTO.Standard_Sku" name="create" time="0.000"/>
  <system-out/>
  <testcase classname="MTO.Standard_Sku" name="create" time="0.000"/>
  <system-out/>
  <testcase classname="MTO.Standard_Sku" name="create" time="0.001"/>
  <system-out/>
  <testcase classname="MTO.Standard_Sku" name="create" time="0.000"/>
  <system-out/>
  <testcase classname="MTO.Standard_Sku" name="create" time="0.001"/>
  <system-out/>
  <testcase classname="MTO.Standard_Sku" name="create" time="0.000"/>
  <system-out/>
  <testcase classname="MTO.Standard_Sku" name="create" time="0.000"/>
  <system-out/>
  <testcase classname="MTO.Standard_Sku" name="create" time="0.000"/>
  <system-out/>
  <testcase classname="MTO.Standard_Sku" name="create" time="0.000"/>
  <system-out/>
  <testcase classname="MTO.Standard_Sku" name="create" time="0.000"/>
  <system-out/>
  <testcase classname="MTO.Standard_Sku" name="create" time="0.000"/>
  <system-out/>
  <testcase classname="MTO.Standard_Sku" name="create" time="0.001"/>
  <system-out/>
  <testcase classname="MTO.Standard_Sku" name="create" time="0.000"/>
  <system-out/>
  <testcase classname="MTO.Standard_Sku" name="create" time="0.000"/>
  <system-out/>
  <testcase classname="MTO.Standard_Sku" name="create" time="0.000"/>
  <system-out/>
  <testcase classname="MTO.Standard_Sku" name="create" time="0.001"/>
  <system-out/>
  <testcase classname="MTO.Standard_Sku" name="create" time="0.000"/>
  <system-out/>
  <testcase classname="MTO.Standard_Sku" name="create" time="0.000"/>
  <system-out/>
  <testcase classname="MTO.Standard_Sku" name="create" time="0.000"/>
  <system-out/>
  <testcase classname="MTO.Standard_Sku" name="create" time="0.001"/>
  <system-out/>
  <testcase classname="MTO.Standard_Sku" name="create" time="0.000"/>
  <system-out/>
  <testcase classname="MTO.Standard_Sku" name="create" time="0.000"/>
  <system-out/>
  <testcase classname="MTO.Standard_Sku" name="create" time="0.000"/>
  <system-out/>
  <testcase classname="MTO.Standard_Sku" name="create" time="0.001"/>
  <system-out/>
  <testcase classname="MTO.Standard_Sku" name="create" time="0.001"/>
  <system-out/>
  <testcase classname="MTO.Standard_Sku" name="create" time="0.001"/>
  <system-out/>
  <testcase classname="MTO.Standard_Sku" name="create" time="0.000"/>
  <system-out/>
  <testcase classname="MTO.Standard_Sku" name="create" time="0.000"/>
  <system-out/>
  <testcase classname="MTO.Standard_Sku" name="create" time="0.000"/>
  <system-out/>
  <testcase classname="MTO.Standard_Sku" name="create" time="0.000"/>
  <system-out/>
  <testcase classname="MTO.Standard_Sku" name="create" time="0.000"/>
  <system-out/>
  <testcase classname="MTO.Standard_Sku" name="create" time="0.000"/>
  <system-out/>
  <testcase classname="MTO.Standard_Sku" name="create" time="0.001"/>
  <system-out/>
  <testcase classname="MTO.Standard_Sku" name="create" time="0.000"/>
  <system-out/>
  <testcase classname="MTO.Standard_Sku" name="create" time="0.000"/>
  <system-out/>
  <testcase classname="MTO.Standard_Sku" name="create" time="0.000"/>
  <system-out/>
  <testcase classname="MTO.Standard_Sku" name="create" time="0.001"/>
  <system-out/>
  <testcase classname="MTO.Standard_Sku" name="create" time="0.000"/>
  <system-out/>
  <testcase classname="MTO.Standard_Sku" name="create" time="0.000"/>
  <system-out/>
  <testcase classname="MTO.Standard_Sku" name="create" time="0.000"/>
  <system-out/>
  <testcase classname="MTO.Standard_Sku" name="create" time="0.000"/>
  <system-out/>
  <testcase classname="MTO.Standard_Sku" name="create" time="0.000"/>
  <system-out/>
  <testcase classname="MTO.Standard_Sku" name="create" time="0.000"/>
  <system-out/>
  <testcase classname="MTO.Standard_Sku" name="create" time="0.000"/>
  <system-out/>
  <testcase classname="MTO.Standard_Sku" name="create" time="0.000"/>
  <system-out/>
  <testcase classname="MTO.Standard_Sku" name="create" time="0.000"/>
  <system-out/>
  <testcase classname="MTO.Standard_Sku" name="create" time="0.000"/>
  <system-out/>
  <testcase classname="MTO.Standard_Sku" name="create" time="0.001"/>
  <system-out/>
  <testcase classname="MTO.Standard_Sku" name="create" time="0.000"/>
  <system-out/>
  <testcase classname="MTO.Standard_Sku" name="create" time="0.000"/>
  <system-out/>
  <testcase classname="MTO.Standard_Sku" name="create" time="0.000"/>
  <system-out/>
  <testcase classname="MTO.Standard_Sku" name="create" time="0.000"/>
  <system-out/>
  <testcase classname="MTO.Standard_Sku" name="create" time="0.000"/>
  <system-out/>
  <testcase classname="MTO.Standard_Sku" name="create" time="0.001"/>
  <system-out/>
  <testcase classname="MTO.Standard_Sku" name="create" time="0.000"/>
  <system-out/>
  <testcase classname="MTO.Standard_Sku" name="create" time="0.001"/>
  <system-out/>
  <testcase classname="MTO.Standard_Sku" name="create" time="0.000"/>
  <system-out/>
  <testcase classname="MTO.Standard_Sku" name="create" time="0.000"/>
  <system-out/>
  <testcase classname="MTO.Standard_Sku" name="create" time="0.000"/>
  <system-out/>
  <testcase classname="MTO.Standard_Sku" name="create" time="0.000"/>
  <system-out/>
  <testcase classname="MTO.Standard_Sku" name="create" time="0.000"/>
  <system-out/>
  <testcase classname="MTO.Standard_Sku" name="create" time="0.000"/>
  <system-out/>
  <testcase classname="MTO.Standard_Sku" name="create" time="0.001"/>
  <system-out/>
  <testcase classname="MTO.Standard_Sku" name="create" time="0.001"/>
  <system-out/>
  <testcase classname="MTO.Standard_Sku" name="create" time="0.000"/>
  <system-out/>
  <testcase classname="MTO.Standard_Sku" name="create" time="0.000"/>
  <system-out/>
  <testcase classname="MTO.Standard_Sku" name="create" time="0.000"/>
  <system-out/>
  <testcase classname="MTO.Standard_Sku" name="create" time="0.000"/>
  <system-out/>
  <testcase classname="MTO.Standard_Sku" name="create" time="0.001"/>
  <system-out/>
  <testcase classname="MTO.Standard_Sku" name="create" time="0.000"/>
  <system-out/>
  <testcase classname="MTO.Standard_Sku" name="create" time="0.000"/>
  <system-out/>
  <testcase classname="MTO.Standard_Sku" name="create" time="0.000"/>
  <system-out/>
  <testcase classname="MTO.Standard_Sku" name="create" time="0.000"/>
  <system-out/>
  <testcase classname="MTO.Standard_Sku" name="create" time="0.000"/>
  <system-out/>
  <testcase classname="MTO.Standard_Sku" name="create" time="0.000"/>
  <system-out/>
  <testcase classname="MTO.Standard_Sku" name="create" time="0.000"/>
  <system-out/>
  <testcase classname="MTO.Standard_Sku" name="create" time="0.000"/>
  <system-out/>
  <testcase classname="MTO.Standard_Sku" name="create" time="0.000"/>
  <system-out/>
  <testcase classname="MTO.Standard_Sku" name="create" time="0.000"/>
  <system-out/>
  <testcase classname="MTO.Standard_Sku" name="create" time="0.000"/>
  <system-out/>
  <testcase classname="MTO.Standard_Sku" name="create" time="0.000"/>
  <system-out/>
  <testcase classname="MTO.Standard_Sku" name="create" time="0.000"/>
  <system-out/>
  <testcase classname="MTO.Standard_Sku" name="create" time="0.000"/>
  <system-out/>
  <testcase classname="MTO.Standard_Sku" name="create" time="0.000"/>
  <system-out/>
  <testcase classname="MTO.Standard_Sku" name="create" time="0.000"/>
  <system-out/>
  <testcase classname="MTO.Standard_Sku" name="create" time="0.000"/>
  <system-out/>
  <testcase classname="MTO.Standard_Sku" name="create" time="0.000"/>
  <system-out/>
  <testcase classname="MTO.Standard_Sku" name="create" time="0.000"/>
  <system-out/>
  <testcase classname="MTO.Standard_Sku" name="create" time="0.000"/>
  <system-out/>
  <testcase classname="MTO.Standard_Sku" name="create" time="0.001"/>
  <system-out/>
  <testcase classname="MTO.Standard_Sku" name="create" time="0.000"/>
  <system-out/>
  <testcase classname="MTO.Standard_Sku" name="create" time="0.001"/>
  <system-out/>
  <testcase classname="MTO.Standard_Sku" name="create" time="0.000"/>
  <system-out/>
  <testcase classname="MTO.Standard_Sku" name="create" time="0.000"/>
  <system-out/>
  <testcase classname="MTO.Standard_Sku" name="create" time="0.000"/>
  <system-out/>
  <testcase classname="MTO.Standard_Sku" name="create" time="0.000"/>
  <system-out/>
  <testcase classname="MTO.Standard_Sku" name="create" time="0.000"/>
  <system-out/>
  <testcase classname="MTO.Standard_Sku" name="create" time="0.001"/>
  <system-out/>
  <testcase classname="MTO.Standard_Sku" name="create" time="0.000"/>
  <system-out/>
  <testcase classname="MTO.Standard_Sku" name="create" time="0.001"/>
  <system-out/>
  <testcase classname="MTO.Standard_Sku" name="create" time="0.000"/>
  <system-out/>
  <testcase classname="MTO.Standard_Sku" name="create" time="0.000"/>
  <system-out/>
  <testcase classname="MTO.Standard_Sku" name="create" time="0.000"/>
  <system-out/>
  <testcase classname="MTO.Standard_Sku" name="create" time="0.000"/>
  <system-out/>
  <testcase classname="MTO.Standard_Sku" name="create" time="0.000"/>
  <system-out/>
  <testcase classname="MTO.Standard_Sku" name="create" time="0.000"/>
  <system-out/>
  <testcase classname="MTO.Standard_Sku" name="create" time="0.001"/>
  <system-out/>
  <testcase classname="MTO.Standard_Sku" name="create" time="0.000"/>
  <system-out/>
  <testcase classname="MTO.Standard_Sku" name="create" time="0.000"/>
  <system-out/>
  <testcase classname="MTO.Standard_Sku" name="create" time="0.000"/>
  <system-out/>
  <testcase classname="MTO.Standard_Sku" name="create" time="0.000"/>
  <system-out/>
  <testcase classname="MTO.Standard_Sku" name="create" time="0.000"/>
  <system-out/>
  <testcase classname="MTO.Standard_Sku" name="create" time="0.000"/>
  <system-out/>
  <testcase classname="MTO.Standard_Sku" name="create" time="0.000"/>
  <system-out/>
  <testcase classname="MTO.Standard_Sku" name="create" time="0.000"/>
  <system-out/>
  <testcase classname="MTO.Standard_Sku" name="create" time="0.000"/>
  <system-out/>
  <testcase classname="MTO.Standard_Sku" name="create" time="0.001"/>
  <system-out/>
  <testcase classname="MTO.Standard_Sku" name="create" time="0.000"/>
  <system-out/>
  <testcase classname="MTO.Standard_Sku" name="create" time="0.000"/>
  <system-out/>
  <testcase classname="MTO.Standard_Sku" name="create" time="0.000"/>
  <system-out/>
  <testcase classname="MTO.Standard_Sku" name="create" time="0.000"/>
  <system-out/>
  <testcase classname="MTO.Standard_Sku" name="create" time="0.001"/>
  <system-out/>
  <testcase classname="MTO.Standard_Sku" name="create" time="0.000"/>
  <system-out/>
  <testcase classname="MTO.Standard_Sku" name="create" time="0.001"/>
  <system-out/>
  <testcase classname="MTO.Standard_Sku" name="create" time="0.000"/>
  <system-out/>
  <testcase classname="MTO.Standard_Sku" name="create" time="0.002"/>
  <system-out/>
  <testcase classname="MTO.Standard_Sku" name="create" time="0.000"/>
  <system-out/>
  <testcase classname="MTO.Standard_Sku" name="create" time="0.000"/>
  <system-out/>
  <testcase classname="MTO.Standard_Sku" name="create" time="0.001"/>
  <system-out/>
  <testcase classname="MTO.Standard_Sku" name="create" time="0.001"/>
  <system-out/>
  <testcase classname="MTO.Standard_Sku" name="create" time="0.001"/>
  <system-out/>
  <testcase classname="MTO.Standard_Sku" name="create" time="0.000"/>
  <system-out/>
  <testcase classname="MTO.Standard_Sku" name="create" time="0.000"/>
  <system-out/>
  <testcase classname="MTO.Standard_Sku" name="create" time="0.000"/>
  <system-out/>
  <testcase classname="MTO.Standard_Sku" name="create" time="0.001"/>
  <system-out/>
  <testcase classname="MTO.Standard_Sku" name="create" time="0.000"/>
  <system-out/>
  <testcase classname="MTO.Standard_Sku" name="create" time="0.000"/>
  <system-out/>
  <testcase classname="MTO.Standard_Sku" name="create" time="0.001"/>
  <system-out/>
  <testcase classname="MTO.Standard_Sku" name="create" time="0.001"/>
  <system-out/>
  <testcase classname="MTO.Standard_Sku" name="create" time="0.000"/>
  <system-out/>
  <testcase classname="MTO.Standard_Sku" name="create" time="0.000"/>
  <system-out/>
  <testcase classname="MTO.Standard_Sku" name="create" time="0.000"/>
  <system-out/>
  <testcase classname="MTO.Standard_Sku" name="create" time="0.000"/>
  <system-out/>
  <testcase classname="MTO.Standard_Sku" name="create" time="0.000"/>
  <system-out/>
  <testcase classname="MTO.Standard_Sku" name="create" time="0.001"/>
  <system-out/>
  <testcase classname="MTO.Standard_Sku" name="create" time="0.001"/>
  <system-out/>
  <testcase classname="MTO.Standard_Sku" name="create" time="0.000"/>
  <system-out/>
  <testcase classname="MTO.Standard_Sku" name="create" time="0.001"/>
  <system-out/>
  <testcase classname="MTO.Standard_Sku" name="create" time="0.000"/>
  <system-out/>
  <testcase classname="MTO.Standard_Sku" name="create" time="0.000"/>
  <system-out/>
  <testcase classname="MTO.Standard_Sku" name="create" time="0.001"/>
  <system-out/>
  <testcase classname="MTO.Standard_Sku" name="create" time="0.000"/>
  <system-out/>
  <testcase classname="MTO.Standard_Sku" name="create" time="0.000"/>
  <system-out/>
  <testcase classname="MTO.Standard_Sku" name="create" time="0.000"/>
  <system-out/>
  <testcase classname="MTO.Standard_Sku" name="create" time="0.000"/>
  <system-out/>
  <testcase classname="MTO.Standard_Sku" name="create" time="0.000"/>
  <system-out/>
  <testcase classname="MTO.Standard_Sku" name="create" time="0.000"/>
  <system-out/>
  <testcase classname="MTO.Standard_Sku" name="create" time="0.000"/>
  <system-out/>
  <testcase classname="MTO.Standard_Sku" name="create" time="0.000"/>
  <system-out/>
  <testcase classname="MTO.Standard_Sku" name="create" time="0.000"/>
  <system-out/>
  <testcase classname="MTO.Standard_Sku" name="create" time="0.000"/>
  <system-out/>
  <testcase classname="MTO.Standard_Sku" name="create" time="0.001"/>
  <system-out/>
  <testcase classname="MTO.Standard_Sku" name="create" time="0.000"/>
  <system-out/>
  <testcase classname="MTO.Standard_Sku" name="create" time="0.000"/>
  <system-out/>
  <testcase classname="MTO.Standard_Sku" name="create" time="0.000"/>
  <system-out/>
  <testcase classname="MTO.Standard_Sku" name="create" time="0.000"/>
  <system-out/>
  <testcase classname="MTO.Standard_Sku" name="create" time="0.000"/>
  <system-out/>
  <testcase classname="MTO.Standard_Sku" name="create" time="0.000"/>
  <system-out/>
  <testcase classname="MTO.Standard_Sku" name="create" time="0.001"/>
  <system-out/>
  <testcase classname="MTO.Standard_Sku" name="create" time="0.000"/>
  <system-out/>
  <testcase classname="MTO.Standard_Sku" name="create" time="0.000"/>
  <system-out/>
  <testcase classname="MTO.Standard_Sku" name="create" time="0.000"/>
  <system-out/>
  <testcase classname="MTO.Standard_Sku" name="create" time="0.000"/>
  <system-out/>
  <testcase classname="MTO.Standard_Sku" name="create" time="0.000"/>
  <system-out/>
  <testcase classname="MTO.Standard_Sku" name="create" time="0.000"/>
  <system-out/>
  <testcase classname="MTO.Standard_Sku" name="create" time="0.000"/>
  <system-out/>
  <testcase classname="MTO.Standard_Sku" name="create" time="0.000"/>
  <system-out/>
  <testcase classname="MTO.Standard_Sku" name="create" time="0.000"/>
  <system-out/>
  <testcase classname="MTO.Standard_Sku" name="create" time="0.001"/>
  <system-out/>
  <testcase classname="MTO.Standard_Sku" name="create" time="0.000"/>
  <system-out/>
  <testcase classname="MTO.Standard_Sku" name="create" time="0.000"/>
  <system-out/>
  <testcase classname="MTO.Standard_Sku" name="create" time="0.000"/>
  <system-out/>
  <testcase classname="MTO.Standard_Sku" name="create" time="0.000"/>
  <system-out/>
  <testcase classname="MTO.Standard_Sku" name="create" time="0.000"/>
  <system-out/>
  <testcase classname="MTO.Standard_Sku" name="create" time="0.000"/>
  <system-out/>
  <testcase classname="MTO.Standard_Sku" name="create" time="0.000"/>
  <system-out/>
  <testcase classname="MTO.Standard_Sku" name="create" time="0.000"/>
  <system-out/>
  <testcase classname="MTO.Standard_Sku" name="create" time="0.000"/>
  <system-out/>
  <testcase classname="MTO.Standard_Sku" name="create" time="0.000"/>
  <system-out/>
  <testcase classname="MTO.Standard_Sku" name="create" time="0.000"/>
  <system-out/>
  <testcase classname="MTO.Standard_Sku" name="create" time="0.000"/>
  <system-out/>
  <testcase classname="MTO.Standard_Sku" name="create" time="0.001"/>
  <system-out/>
  <testcase classname="MTO.Standard_Sku" name="create" time="0.000"/>
  <system-out/>
  <testcase classname="MTO.Standard_Sku" name="create" time="0.000"/>
  <system-out/>
  <testcase classname="MTO.Standard_Sku" name="create" time="0.000"/>
  <system-out/>
  <testcase classname="MTO.Standard_Sku" name="create" time="0.000"/>
  <system-out/>
  <testcase classname="MTO.Standard_Sku" name="create" time="0.000"/>
  <system-out/>
  <testcase classname="MTO.Standard_Sku" name="create" time="0.000"/>
  <system-out/>
  <testcase classname="MTO.Standard_Sku" name="create" time="0.000"/>
  <system-out/>
  <testcase classname="MTO.Standard_Sku" name="create" time="0.000"/>
  <system-out/>
  <testcase classname="MTO.Standard_Sku" name="create" time="0.000"/>
  <system-out/>
  <testcase classname="MTO.Standard_Sku" name="create" time="0.000"/>
  <system-out/>
  <testcase classname="MTO.Standard_Sku" name="create" time="0.000"/>
  <system-out/>
  <testcase classname="MTO.Standard_Sku" name="create" time="0.000"/>
  <system-out/>
  <testcase classname="MTO.Standard_Sku" name="create" time="0.001"/>
  <system-out/>
  <testcase classname="MTO.Standard_Sku" name="create" time="0.000"/>
  <system-out/>
  <testcase classname="MTO.Standard_Sku" name="create" time="0.000"/>
  <system-out/>
  <testcase classname="MTO.Standard_Sku" name="create" time="0.001"/>
  <system-out/>
  <testcase classname="MTO.Standard_Sku" name="create" time="0.000"/>
  <system-out/>
  <testcase classname="MTO.Standard_Sku" name="create" time="0.001"/>
  <system-out/>
  <testcase classname="MTO.Standard_Sku" name="create" time="0.000"/>
  <system-out/>
  <testcase classname="MTO.Standard_Sku" name="create" time="0.000"/>
  <system-out/>
  <testcase classname="MTO.Standard_Sku" name="create" time="0.000"/>
  <system-out/>
  <testcase classname="MTO.Standard_Sku" name="create" time="0.000"/>
  <system-out/>
  <testcase classname="MTO.Standard_Sku" name="create" time="0.000"/>
  <system-out/>
  <testcase classname="MTO.Standard_Sku" name="create" time="0.001"/>
  <system-out/>
  <testcase classname="MTO.Standard_Sku" name="create" time="0.000"/>
  <system-out/>
  <testcase classname="MTO.Standard_Sku" name="create" time="0.000"/>
  <system-out/>
  <testcase classname="MTO.Standard_Sku" name="create" time="0.001"/>
  <system-out/>
  <testcase classname="MTO.Standard_Sku" name="create" time="0.000"/>
  <system-out/>
  <testcase classname="MTO.Standard_Sku" name="create" time="0.000"/>
  <system-out/>
  <testcase classname="MTO.Standard_Sku" name="create" time="0.001"/>
  <system-out/>
  <testcase classname="MTO.Standard_Sku" name="create" time="0.000"/>
  <system-out/>
  <testcase classname="MTO.Standard_Sku" name="create" time="0.001"/>
  <system-out/>
  <testcase classname="MTO.Standard_Sku" name="create" time="0.000"/>
  <system-out/>
  <testcase classname="MTO.Standard_Sku" name="create" time="0.001"/>
  <system-out/>
  <testcase classname="MTO.Standard_Sku" name="create" time="0.000"/>
  <system-out/>
  <testcase classname="MTO.Standard_Sku" name="create" time="0.000"/>
  <system-out/>
  <testcase classname="MTO.Standard_Sku" name="create" time="0.000"/>
  <system-out/>
  <testcase classname="MTO.Standard_Sku" name="create" time="0.000"/>
  <system-out/>
  <testcase classname="MTO.Standard_Sku" name="create" time="0.000"/>
  <system-out/>
  <testcase classname="MTO.Standard_Sku" name="create" time="0.000"/>
  <system-out/>
  <testcase classname="MTO.Standard_Sku" name="create" time="0.000"/>
  <system-out/>
  <testcase classname="MTO.Standard_Sku" name="create" time="0.000"/>
  <system-out/>
  <testcase classname="MTO.Standard_Sku" name="create" time="0.001"/>
  <system-out/>
  <testcase classname="MTO.Standard_Sku" name="create" time="0.001"/>
  <system-out/>
  <testcase classname="MTO.Standard_Sku" name="create" time="0.001"/>
  <system-out/>
  <testcase classname="MTO.Standard_Sku" name="create" time="0.000"/>
  <system-out/>
  <testcase classname="MTO.Standard_Sku" name="create" time="0.000"/>
  <system-out/>
  <testcase classname="MTO.Standard_Sku" name="create" time="0.001"/>
  <system-out/>
  <testcase classname="MTO.Standard_Sku" name="create" time="0.000"/>
  <system-out/>
  <testcase classname="MTO.Standard_Sku" name="create" time="0.000"/>
  <system-out/>
  <testcase classname="MTO.Standard_Sku" name="create" time="0.000"/>
  <system-out/>
  <testcase classname="MTO.Standard_Sku" name="create" time="0.000"/>
  <system-out/>
  <testcase classname="MTO.Standard_Sku" name="create" time="0.000"/>
  <system-out/>
  <testcase classname="MTO.Standard_Sku" name="create" time="0.001"/>
  <system-out/>
  <testcase classname="MTO.Standard_Sku" name="create" time="0.000"/>
  <system-out/>
  <testcase classname="MTO.Standard_Sku" name="create" time="0.000"/>
  <system-out/>
  <testcase classname="MTO.Standard_Sku" name="create" time="0.000"/>
  <system-out/>
  <testcase classname="MTO.Standard_Sku" name="create" time="0.000"/>
  <system-out/>
  <testcase classname="MTO.Standard_Sku" name="create" time="0.000"/>
  <system-out/>
  <testcase classname="MTO.Standard_Sku" name="create" time="0.000"/>
  <system-out/>
  <testcase classname="MTO.Standard_Sku" name="create" time="0.000"/>
  <system-out/>
  <testcase classname="MTO.Standard_Sku" name="create" time="0.000"/>
  <system-out/>
  <testcase classname="MTO.Standard_Sku" name="create" time="0.000"/>
  <system-out/>
  <testcase classname="MTO.Standard_Sku" name="create" time="0.000"/>
  <system-out/>
  <testcase classname="MTO.Standard_Sku" name="create" time="0.001"/>
  <system-out/>
  <testcase classname="MTO.Standard_Sku" name="create" time="0.001"/>
  <system-out/>
  <testcase classname="MTO.Standard_Sku" name="create" time="0.000"/>
  <system-out/>
  <testcase classname="MTO.Standard_Sku" name="create" time="0.000"/>
  <system-out/>
  <testcase classname="MTO.Standard_Sku" name="create" time="0.000"/>
  <system-out/>
  <testcase classname="MTO.Standard_Sku" name="create" time="0.000"/>
  <system-out/>
  <testcase classname="MTO.Standard_Sku" name="create" time="0.000"/>
  <system-out/>
  <testcase classname="MTO.Standard_Sku" name="create" time="0.000"/>
  <system-out/>
  <testcase classname="MTO.Standard_Sku" name="create" time="0.000"/>
  <system-out/>
  <testcase classname="MTO.Standard_Sku" name="create" time="0.000"/>
  <system-out/>
  <testcase classname="MTO.Standard_Sku" name="create" time="0.000"/>
  <system-out/>
  <testcase classname="MTO.Standard_Sku" name="create" time="0.001"/>
  <system-out/>
  <testcase classname="MTO.Standard_Sku" name="create" time="0.000"/>
  <system-out/>
  <testcase classname="MTO.Standard_Sku" name="create" time="0.000"/>
  <system-out/>
  <testcase classname="MTO.Standard_Sku" name="create" time="0.000"/>
  <system-out/>
  <testcase classname="MTO.Standard_Sku" name="create" time="0.000"/>
  <system-out/>
  <testcase classname="MTO.Standard_Sku" name="create" time="0.001"/>
  <system-out/>
  <testcase classname="MTO.Standard_Sku" name="create" time="0.001"/>
  <system-out/>
  <testcase classname="MTO.Standard_Sku" name="create" time="0.000"/>
  <system-out/>
  <testcase classname="MTO.Standard_Sku" name="create" time="0.000"/>
  <system-out/>
  <testcase classname="MTO.Standard_Sku" name="create" time="0.000"/>
  <system-out/>
  <testcase classname="MTO.Standard_Sku" name="create" time="0.000"/>
  <system-out/>
  <testcase classname="MTO.Standard_Sku" name="create" time="0.000"/>
  <system-out/>
  <testcase classname="MTO.Standard_Sku" name="create" time="0.001"/>
  <system-out/>
  <testcase classname="MTO.Standard_Sku" name="create" time="0.000"/>
  <system-out/>
  <testcase classname="MTO.Standard_Sku" name="create" time="0.000"/>
  <system-out/>
  <testcase classname="MTO.Standard_Sku" name="create" time="0.000"/>
  <system-out/>
  <testcase classname="MTO.Standard_Sku" name="create" time="0.000"/>
  <system-out/>
  <testcase classname="MTO.Standard_Sku" name="create" time="0.000"/>
  <system-out/>
  <testcase classname="MTO.Standard_Sku" name="create" time="0.001"/>
  <system-out/>
  <testcase classname="MTO.Standard_Sku" name="create" time="0.001"/>
  <system-out/>
  <testcase classname="MTO.Standard_Sku" name="create" time="0.000"/>
  <system-out/>
  <testcase classname="MTO.Standard_Sku" name="create" time="0.001"/>
  <system-out/>
  <testcase classname="MTO.Standard_Sku" name="create" time="0.001"/>
  <system-out/>
  <testcase classname="MTO.Standard_Sku" name="create" time="0.000"/>
  <system-out/>
  <testcase classname="MTO.Standard_Sku" name="create" time="0.000"/>
  <system-out/>
  <testcase classname="MTO.Standard_Sku" name="create" time="0.000"/>
  <system-out/>
  <testcase classname="MTO.Standard_Sku" name="create" time="0.000"/>
  <system-out/>
  <testcase classname="MTO.Standard_Sku" name="create" time="0.000"/>
  <system-out/>
  <testcase classname="MTO.Standard_Sku" name="create" time="0.000"/>
  <system-out/>
  <testcase classname="MTO.Standard_Sku" name="create" time="0.000"/>
  <system-out/>
  <testcase classname="MTO.Standard_Sku" name="create" time="0.000"/>
  <system-out/>
  <testcase classname="MTO.Standard_Sku" name="create" time="0.001"/>
  <system-out/>
  <testcase classname="MTO.Standard_Sku" name="create" time="0.000"/>
  <system-out/>
  <testcase classname="MTO.Standard_Sku" name="create" time="0.000"/>
  <system-out/>
  <testcase classname="MTO.Standard_Sku" name="create" time="0.000"/>
  <system-out/>
  <testcase classname="MTO.Standard_Sku" name="create" time="0.000"/>
  <system-out/>
  <testcase classname="MTO.Standard_Sku" name="create" time="0.001"/>
  <system-out/>
  <testcase classname="MTO.Standard_Sku" name="create" time="0.000"/>
  <system-out/>
  <testcase classname="MTO.Standard_Sku" name="create" time="0.001"/>
  <system-out/>
  <testcase classname="MTO.Standard_Sku" name="create" time="0.001"/>
  <system-out/>
  <testcase classname="MTO.Standard_Sku" name="create" time="0.001"/>
  <system-out/>
  <testcase classname="MTO.Standard_Sku" name="create" time="0.000"/>
  <system-out/>
  <testcase classname="MTO.Standard_Sku" name="create" time="0.000"/>
  <system-out/>
  <testcase classname="MTO.Standard_Sku" name="create" time="0.000"/>
  <system-out/>
  <testcase classname="MTO.Standard_Sku" name="create" time="0.000"/>
  <system-out/>
  <testcase classname="MTO.Standard_Sku" name="create" time="0.000"/>
  <system-out/>
  <testcase classname="MTO.Standard_Sku" name="create" time="0.000"/>
  <system-out/>
  <testcase classname="MTO.Standard_Sku" name="create" time="0.000"/>
  <system-out/>
  <testcase classname="MTO.Standard_Sku" name="create" time="0.000"/>
  <system-out/>
  <testcase classname="MTO.Standard_Sku" name="create" time="0.000"/>
  <system-out/>
  <testcase classname="MTO.Standard_Sku" name="create" time="0.001"/>
  <system-out/>
  <testcase classname="MTO.Standard_Sku" name="create" time="0.001"/>
  <system-out/>
  <testcase classname="MTO.Standard_Sku" name="create" time="0.000"/>
  <system-out/>
  <testcase classname="MTO.Standard_Sku" name="create" time="0.001"/>
  <system-out/>
  <testcase classname="MTO.Standard_Sku" name="create" time="0.001"/>
  <system-out/>
  <testcase classname="MTO.Standard_Sku" name="create" time="0.001"/>
  <system-out/>
  <testcase classname="MTO.Standard_Sku" name="create" time="0.000"/>
  <system-out/>
  <testcase classname="MTO.Standard_Sku" name="create" time="0.004"/>
  <system-out/>
  <testcase classname="MTO.Standard_Sku" name="create" time="0.000"/>
  <system-out/>
  <testcase classname="MTO.Standard_Sku" name="create" time="0.000"/>
  <system-out/>
  <testcase classname="MTO.Standard_Sku" name="create" time="0.001"/>
  <system-out/>
  <testcase classname="MTO.Standard_Sku" name="create" time="0.000"/>
  <system-out/>
  <testcase classname="MTO.Standard_Sku" name="create" time="0.001"/>
  <system-out/>
  <testcase classname="MTO.Standard_Sku" name="create" time="0.001"/>
  <system-out/>
  <testcase classname="MTO.Standard_Sku" name="create" time="0.000"/>
  <system-out/>
  <testcase classname="MTO.Standard_Sku" name="create" time="0.000"/>
  <system-out/>
  <testcase classname="MTO.Standard_Sku" name="create" time="0.000"/>
  <system-out/>
  <testcase classname="MTO.Standard_Sku" name="create" time="0.001"/>
  <system-out/>
  <testcase classname="MTO.Standard_Sku" name="create" time="0.001"/>
  <system-out/>
  <testcase classname="MTO.Standard_Sku" name="create" time="0.001"/>
  <system-out/>
  <testcase classname="MTO.Standard_Sku" name="create" time="0.000"/>
  <system-out/>
  <testcase classname="MTO.Standard_Sku" name="create" time="0.000"/>
  <system-out/>
  <testcase classname="MTO.Standard_Sku" name="create" time="0.000"/>
  <system-out/>
  <testcase classname="MTO.Standard_Sku" name="create" time="0.000"/>
  <system-out/>
  <testcase classname="MTO.Standard_Sku" name="create" time="0.000"/>
  <system-out/>
  <testcase classname="MTO.Standard_Sku" name="create" time="0.000"/>
  <system-out/>
  <testcase classname="MTO.Standard_Sku" name="create" time="0.000"/>
  <system-out/>
  <testcase classname="MTO.Standard_Sku" name="create" time="0.000"/>
  <system-out/>
  <testcase classname="MTO.Standard_Sku" name="create" time="0.000"/>
  <system-out/>
  <testcase classname="MTO.Standard_Sku" name="create" time="0.001"/>
  <system-out/>
  <testcase classname="MTO.Standard_Sku" name="create" time="0.000"/>
  <system-out/>
  <testcase classname="MTO.Standard_Sku" name="create" time="0.001"/>
  <system-out/>
  <testcase classname="MTO.Standard_Sku" name="create" time="0.000"/>
  <system-out/>
  <testcase classname="MTO.Standard_Sku" name="create" time="0.000"/>
  <system-out/>
  <testcase classname="MTO.Standard_Sku" name="create" time="0.000"/>
  <system-out/>
  <testcase classname="MTO.Standard_Sku" name="create" time="0.000"/>
  <system-out/>
  <testcase classname="MTO.Standard_Sku" name="create" time="0.000"/>
  <system-out/>
  <testcase classname="MTO.Standard_Sku" name="create" time="0.001"/>
  <system-out/>
  <testcase classname="MTO.Standard_Sku" name="create" time="0.000"/>
  <system-out/>
  <testcase classname="MTO.Standard_Sku" name="create" time="0.000"/>
  <system-out/>
  <testcase classname="MTO.Standard_Sku" name="create" time="0.000"/>
  <system-out/>
  <testcase classname="MTO.Standard_Sku" name="create" time="0.000"/>
  <system-out/>
  <testcase classname="MTO.Standard_Sku" name="create" time="0.000"/>
  <system-out/>
  <testcase classname="MTO.Standard_Sku" name="create" time="0.000"/>
  <system-out/>
  <testcase classname="MTO.Standard_Sku" name="create" time="0.000"/>
  <system-out/>
  <testcase classname="MTO.Standard_Sku" name="create" time="0.000"/>
  <system-out/>
  <testcase classname="MTO.Standard_Sku" name="create" time="0.001"/>
  <system-out/>
  <testcase classname="MTO.Standard_Sku" name="create" time="0.001"/>
  <system-out/>
  <testcase classname="MTO.Standard_Sku" name="create" time="0.001"/>
  <system-out/>
  <testcase classname="MTO.Standard_Sku" name="create" time="0.000"/>
  <system-out/>
  <testcase classname="MTO.Standard_Sku" name="create" time="0.000"/>
  <system-out/>
  <testcase classname="MTO.Standard_Sku" name="create" time="0.001"/>
  <system-out/>
  <testcase classname="MTO.Standard_Sku" name="create" time="0.001"/>
  <system-out/>
  <testcase classname="MTO.Standard_Sku" name="create" time="0.000"/>
  <system-out/>
  <testcase classname="MTO.Standard_Sku" name="create" time="0.000"/>
  <system-out/>
  <testcase classname="MTO.Standard_Sku" name="create" time="0.000"/>
  <system-out/>
  <testcase classname="MTO.Standard_Sku" name="create" time="0.000"/>
  <system-out/>
  <testcase classname="MTO.Standard_Sku" name="create" time="0.000"/>
  <system-out/>
  <testcase classname="MTO.Standard_Sku" name="create" time="0.001"/>
  <system-out/>
  <testcase classname="MTO.Standard_Sku" name="create" time="0.000"/>
  <system-out/>
  <testcase classname="MTO.Standard_Sku" name="create" time="0.000"/>
  <system-out/>
  <testcase classname="MTO.Standard_Sku" name="create" time="0.000"/>
  <system-out/>
  <testcase classname="MTO.Standard_Sku" name="create" time="0.000"/>
  <system-out/>
  <testcase classname="MTO.Standard_Sku" name="create" time="0.000"/>
  <system-out/>
  <testcase classname="MTO.Standard_Sku" name="create" time="0.000"/>
  <system-out/>
  <testcase classname="MTO.Standard_Sku" name="create" time="0.000"/>
  <system-out/>
  <testcase classname="MTO.Standard_Sku" name="create" time="0.000"/>
  <system-out/>
  <testcase classname="MTO.Standard_Sku" name="create" time="0.000"/>
  <system-out/>
  <testcase classname="MTO.Standard_Sku" name="create" time="0.000"/>
  <system-out/>
  <testcase classname="MTO.Standard_Sku" name="create" time="0.000"/>
  <system-out/>
  <testcase classname="MTO.Standard_Sku" name="create" time="0.000"/>
  <system-out/>
  <testcase classname="MTO.Standard_Sku" name="create" time="0.000"/>
  <system-out/>
  <testcase classname="MTO.Standard_Sku" name="create" time="0.000"/>
  <system-out/>
  <testcase classname="MTO.Standard_Sku" name="create" time="0.000"/>
  <system-out/>
  <testcase classname="MTO.Standard_Sku" name="create" time="0.000"/>
  <system-out/>
  <testcase classname="MTO.Standard_Sku" name="create" time="0.000"/>
  <system-out/>
  <testcase classname="MTO.Standard_Sku" name="create" time="0.001"/>
  <system-out/>
  <testcase classname="MTO.Standard_Sku" name="create" time="0.000"/>
  <system-out/>
  <testcase classname="MTO.Standard_Sku" name="create" time="0.000"/>
  <system-out/>
  <testcase classname="MTO.Standard_Sku" name="create" time="0.001"/>
  <system-out/>
  <testcase classname="MTO.Standard_Sku" name="create" time="0.000"/>
  <system-out/>
  <testcase classname="MTO.Standard_Sku" name="create" time="0.001"/>
  <system-out/>
  <testcase classname="MTO.Standard_Sku" name="create" time="0.000"/>
  <system-out/>
  <testcase classname="MTO.Standard_Sku" name="create" time="0.001"/>
  <system-out/>
  <testcase classname="MTO.Standard_Sku" name="create" time="0.000"/>
  <system-out/>
  <testcase classname="MTO.Standard_Sku" name="create" time="0.000"/>
  <system-out/>
  <testcase classname="MTO.Standard_Sku" name="create" time="0.000"/>
  <system-out/>
  <testcase classname="MTO.Standard_Sku" name="create" time="0.000"/>
  <system-out/>
  <testcase classname="MTO.Standard_Sku" name="create" time="0.000"/>
  <system-out/>
  <testcase classname="MTO.Standard_Sku" name="create" time="0.000"/>
  <system-out/>
  <testcase classname="MTO.Standard_Sku" name="create" time="0.000"/>
  <system-out/>
  <testcase classname="MTO.Standard_Sku" name="create" time="0.001"/>
  <system-out/>
  <testcase classname="MTO.Standard_Sku" name="create" time="0.000"/>
  <system-out/>
  <testcase classname="MTO.Standard_Sku" name="create" time="0.000"/>
  <system-out/>
  <testcase classname="MTO.Standard_Sku" name="create" time="0.000"/>
  <system-out/>
  <testcase classname="MTO.Standard_Sku" name="create" time="0.001"/>
  <system-out/>
  <testcase classname="MTO.Standard_Sku" name="create" time="0.000"/>
  <system-out/>
  <testcase classname="MTO.Standard_Sku" name="create" time="0.000"/>
  <system-out/>
  <testcase classname="MTO.Standard_Sku" name="create" time="0.001"/>
  <system-out/>
  <testcase classname="MTO.Standard_Sku" name="create" time="0.000"/>
  <system-out/>
  <testcase classname="MTO.Standard_Sku" name="create" time="0.000"/>
  <system-out/>
  <testcase classname="MTO.Standard_Sku" name="create" time="0.000"/>
  <system-out/>
  <testcase classname="MTO.Standard_Sku" name="create" time="0.001"/>
  <system-out/>
  <testcase classname="MTO.Standard_Sku" name="create" time="0.000"/>
  <system-out/>
  <testcase classname="MTO.Standard_Sku" name="create" time="0.000"/>
  <system-out/>
  <testcase classname="MTO.Standard_Sku" name="create" time="0.000"/>
  <system-out/>
  <testcase classname="MTO.Standard_Sku" name="create" time="0.000"/>
  <system-out/>
  <testcase classname="MTO.Standard_Sku" name="create" time="0.001"/>
  <system-out/>
  <testcase classname="MTO.Standard_Sku" name="create" time="0.000"/>
  <system-out/>
  <testcase classname="MTO.Standard_Sku" name="create" time="0.000"/>
  <system-out/>
  <testcase classname="MTO.Standard_Sku" name="create" time="0.000"/>
  <system-out/>
  <testcase classname="MTO.Standard_Sku" name="create" time="0.001"/>
  <system-out/>
  <testcase classname="MTO.Standard_Sku" name="create" time="0.000"/>
  <system-out/>
  <testcase classname="MTO.Standard_Sku" name="create" time="0.000"/>
  <system-out/>
  <testcase classname="MTO.Standard_Sku" name="create" time="0.000"/>
  <system-out/>
  <testcase classname="MTO.Standard_Sku" name="create" time="0.001"/>
  <system-out/>
  <testcase classname="MTO.Standard_Sku" name="create" time="0.000"/>
  <system-out/>
  <testcase classname="MTO.Standard_Sku" name="create" time="0.000"/>
  <system-out/>
  <testcase classname="MTO.Standard_Sku" name="create" time="0.000"/>
  <system-out/>
  <testcase classname="MTO.Standard_Sku" name="create" time="0.001"/>
  <system-out/>
  <testcase classname="MTO.Standard_Sku" name="create" time="0.000"/>
  <system-out/>
  <testcase classname="MTO.Standard_Sku" name="create" time="0.001"/>
  <system-out/>
  <testcase classname="MTO.Standard_Sku" name="create" time="0.000"/>
  <system-out/>
  <testcase classname="MTO.Standard_Sku" name="create" time="0.000"/>
  <system-out/>
  <testcase classname="MTO.Standard_Sku" name="create" time="0.001"/>
  <system-out/>
  <testcase classname="MTO.Standard_Sku" name="create" time="0.000"/>
  <system-out/>
  <testcase classname="MTO.Standard_Sku" name="create" time="0.000"/>
  <system-out/>
  <testcase classname="MTO.Standard_Sku" name="create" time="0.000"/>
  <system-out/>
  <testcase classname="MTO.Standard_Sku" name="create" time="0.000"/>
  <system-out/>
  <testcase classname="MTO.Standard_Sku" name="create" time="0.001"/>
  <system-out/>
  <testcase classname="MTO.Standard_Sku" name="create" time="0.000"/>
  <system-out/>
  <testcase classname="MTO.Standard_Sku" name="create" time="0.000"/>
  <system-out/>
  <testcase classname="MTO.Standard_Sku" name="create" time="0.000"/>
  <system-out/>
  <testcase classname="MTO.Standard_Sku" name="create" time="0.000"/>
  <system-out/>
  <testcase classname="MTO.Standard_Sku" name="create" time="0.000"/>
  <system-out/>
  <testcase classname="MTO.Standard_Sku" name="create" time="0.000"/>
  <system-out/>
  <testcase classname="MTO.Standard_Sku" name="create" time="0.001"/>
  <system-out/>
  <testcase classname="MTO.Standard_Sku" name="create" time="0.000"/>
  <system-out/>
  <testcase classname="MTO.Standard_Sku" name="create" time="0.001"/>
  <system-out/>
  <testcase classname="MTO.Standard_Sku" name="create" time="0.001"/>
  <system-out/>
  <testcase classname="MTO.Standard_Sku" name="create" time="0.000"/>
  <system-out/>
  <testcase classname="MTO.Standard_Sku" name="create" time="0.000"/>
  <system-out/>
  <testcase classname="MTO.Standard_Sku" name="create" time="0.000"/>
  <system-out/>
  <testcase classname="MTO.Standard_Sku" name="create" time="0.000"/>
  <system-out/>
  <testcase classname="MTO.Standard_Sku" name="create" time="0.000"/>
  <system-out/>
  <testcase classname="MTO.Standard_Sku" name="create" time="0.000"/>
  <system-out/>
  <testcase classname="MTO.Standard_Sku" name="create" time="0.000"/>
  <system-out/>
  <testcase classname="MTO.Standard_Sku" name="create" time="0.001"/>
  <system-out/>
  <testcase classname="MTO.Standard_Sku" name="create" time="0.000"/>
  <system-out/>
  <testcase classname="MTO.Standard_Sku" name="create" time="0.000"/>
  <system-out/>
  <testcase classname="MTO.Standard_Sku" name="create" time="0.000"/>
  <system-out/>
  <testcase classname="MTO.Standard_Sku" name="create" time="0.000"/>
  <system-out/>
  <testcase classname="MTO.Standard_Sku" name="create" time="0.000"/>
  <system-out/>
  <testcase classname="MTO.Standard_Sku" name="create" time="0.000"/>
  <system-out/>
  <testcase classname="MTO.Standard_Sku" name="create" time="0.003"/>
  <system-out/>
  <testcase classname="MTO.Standard_Sku" name="create" time="0.000"/>
  <system-out/>
  <testcase classname="MTO.Standard_Sku" name="create" time="0.000"/>
  <system-out/>
  <testcase classname="MTO.Standard_Sku" name="create" time="0.000"/>
  <system-out/>
  <testcase classname="MTO.Standard_Sku" name="create" time="0.000"/>
  <system-out/>
  <testcase classname="MTO.Standard_Sku" name="create" time="0.000"/>
  <system-out/>
  <testcase classname="MTO.Standard_Sku" name="create" time="0.001"/>
  <system-out/>
  <testcase classname="MTO.Standard_Sku" name="create" time="0.000"/>
  <system-out/>
  <testcase classname="MTO.Standard_Sku" name="create" time="0.000"/>
  <system-out/>
  <testcase classname="MTO.Standard_Sku" name="create" time="0.001"/>
  <system-out/>
  <testcase classname="MTO.Standard_Sku" name="create" time="0.000"/>
  <system-out/>
  <testcase classname="MTO.Standard_Sku" name="create" time="0.000"/>
  <system-out/>
  <testcase classname="MTO.Standard_Sku" name="create" time="0.000"/>
  <system-out/>
  <testcase classname="MTO.Standard_Sku" name="create" time="0.000"/>
  <system-out/>
  <testcase classname="MTO.Standard_Sku" name="create" time="0.000"/>
  <system-out/>
  <testcase classname="MTO.Standard_Sku" name="create" time="0.000"/>
  <system-out/>
  <testcase classname="MTO.Standard_Sku" name="create" time="0.000"/>
  <system-out/>
  <testcase classname="MTO.Standard_Sku" name="create" time="0.000"/>
  <system-out/>
  <testcase classname="MTO.Standard_Sku" name="create" time="0.000"/>
  <system-out/>
  <testcase classname="MTO.Standard_Sku" name="create" time="0.001"/>
  <system-out/>
  <testcase classname="MTO.Standard_Sku" name="create" time="0.000"/>
  <system-out/>
  <testcase classname="MTO.Standard_Sku" name="create" time="0.000"/>
  <system-out/>
  <testcase classname="MTO.Standard_Sku" name="create" time="0.000"/>
  <system-out/>
  <testcase classname="MTO.Standard_Sku" name="create" time="0.001"/>
  <system-out/>
  <testcase classname="MTO.Standard_Sku" name="create" time="0.000"/>
  <system-out/>
  <testcase classname="MTO.Standard_Sku" name="create" time="0.000"/>
  <system-out/>
  <testcase classname="MTO.Standard_Sku" name="create" time="0.000"/>
  <system-out/>
  <testcase classname="MTO.Standard_Sku" name="create" time="0.001"/>
  <system-out/>
  <testcase classname="MTO.Standard_Sku" name="create" time="0.000"/>
  <system-out/>
  <testcase classname="MTO.Standard_Sku" name="create" time="0.000"/>
  <system-out/>
  <testcase classname="MTO.Standard_Sku" name="create" time="0.001"/>
  <system-out/>
  <testcase classname="MTO.Standard_Sku" name="create" time="0.000"/>
  <system-out/>
  <testcase classname="MTO.Standard_Sku" name="create" time="0.000"/>
  <system-out/>
  <testcase classname="MTO.Standard_Sku" name="create" time="0.000"/>
  <system-out/>
  <testcase classname="MTO.Standard_Sku" name="create" time="0.000"/>
  <system-out/>
  <testcase classname="MTO.Standard_Sku" name="create" time="0.000"/>
  <system-out/>
  <testcase classname="MTO.Standard_Sku" name="create" time="0.000"/>
  <system-out/>
  <testcase classname="MTO.Standard_Sku" name="create" time="0.001"/>
  <system-out/>
  <testcase classname="MTO.Standard_Sku" name="create" time="0.000"/>
  <system-out/>
  <testcase classname="MTO.Standard_Sku" name="create" time="0.000"/>
  <system-out/>
  <testcase classname="MTO.Standard_Sku" name="create" time="0.000"/>
  <system-out/>
  <testcase classname="MTO.Standard_Sku" name="create" time="0.000"/>
  <system-out/>
  <testcase classname="MTO.Standard_Sku" name="create" time="0.000"/>
  <system-out/>
  <testcase classname="MTO.Standard_Sku" name="create" time="0.000"/>
  <system-out/>
  <testcase classname="MTO.Standard_Sku" name="create" time="0.000"/>
  <system-out/>
  <testcase classname="MTO.Standard_Sku" name="create" time="0.000"/>
  <system-out/>
  <testcase classname="MTO.Standard_Sku" name="create" time="0.000"/>
  <system-out/>
  <testcase classname="MTO.Standard_Sku" name="create" time="0.002"/>
  <system-out/>
  <testcase classname="MTO.Standard_Sku" name="create" time="0.000"/>
  <system-out/>
  <testcase classname="MTO.Standard_Sku" name="create" time="0.000"/>
  <system-out/>
  <testcase classname="MTO.Standard_Sku" name="create" time="0.000"/>
  <system-out/>
  <testcase classname="MTO.Standard_Sku" name="create" time="0.000"/>
  <system-out/>
  <testcase classname="MTO.Standard_Sku" name="create" time="0.000"/>
  <system-out/>
  <testcase classname="MTO.Standard_Sku" name="create" time="0.000"/>
  <system-out/>
  <testcase classname="MTO.Standard_Sku" name="create" time="0.000"/>
  <system-out/>
  <testcase classname="MTO.Standard_Sku" name="create" time="0.000"/>
  <system-out/>
  <testcase classname="MTO.Standard_Sku" name="create" time="0.000"/>
  <system-out/>
  <testcase classname="MTO.Standard_Sku" name="create" time="0.000"/>
  <system-out/>
  <testcase classname="MTO.Standard_Sku" name="create" time="0.000"/>
  <system-out/>
  <testcase classname="MTO.Standard_Sku" name="create" time="0.000"/>
  <system-out/>
  <testcase classname="MTO.Standard_Sku" name="create" time="0.000"/>
  <system-out/>
  <testcase classname="MTO.Standard_Sku" name="create" time="0.001"/>
  <system-out/>
  <testcase classname="MTO.Standard_Sku" name="create" time="0.000"/>
  <system-out/>
  <testcase classname="MTO.Standard_Sku" name="create" time="0.000"/>
  <system-out/>
  <testcase classname="MTO.Standard_Sku" name="create" time="0.000"/>
  <system-out/>
  <testcase classname="MTO.Standard_Sku" name="create" time="0.000"/>
  <system-out/>
  <testcase classname="MTO.Standard_Sku" name="create" time="0.000"/>
  <system-out/>
  <testcase classname="MTO.Standard_Sku" name="create" time="0.000"/>
  <system-out/>
  <testcase classname="MTO.Standard_Sku" name="create" time="0.000"/>
  <system-out/>
  <testcase classname="MTO.Standard_Sku" name="create" time="0.000"/>
  <system-out/>
  <testcase classname="MTO.Standard_Sku" name="create" time="0.001"/>
  <system-out/>
  <testcase classname="MTO.Standard_Sku" name="create" time="0.001"/>
  <system-out/>
  <testcase classname="MTO.Standard_Sku" name="create" time="0.001"/>
  <system-out/>
  <testcase classname="MTO.Standard_Sku" name="create" time="0.000"/>
  <system-out/>
  <testcase classname="MTO.Standard_Sku" name="create" time="0.000"/>
  <system-out/>
  <testcase classname="MTO.Standard_Sku" name="create" time="0.000"/>
  <system-out/>
  <testcase classname="MTO.Standard_Sku" name="create" time="0.000"/>
  <system-out/>
  <testcase classname="MTO.Standard_Sku" name="create" time="0.000"/>
  <system-out/>
  <testcase classname="MTO.Standard_Sku" name="create" time="0.001"/>
  <system-out/>
  <testcase classname="MTO.Standard_Sku" name="create" time="0.000"/>
  <system-out/>
  <testcase classname="MTO.Standard_Sku" name="create" time="0.000"/>
  <system-out/>
  <testcase classname="MTO.Standard_Sku" name="create" time="0.001"/>
  <system-out/>
  <testcase classname="MTO.Standard_Sku" name="create" time="0.000"/>
  <system-out/>
  <testcase classname="MTO.Standard_Sku" name="create" time="0.000"/>
  <system-out/>
  <testcase classname="MTO.Standard_Sku" name="create" time="0.000"/>
  <system-out/>
  <testcase classname="MTO.Standard_Sku" name="create" time="0.000"/>
  <system-out/>
  <testcase classname="MTO.Standard_Sku" name="create" time="0.000"/>
  <system-out/>
  <testcase classname="MTO.Standard_Sku" name="create" time="0.000"/>
  <system-out/>
  <testcase classname="MTO.Standard_Sku" name="create" time="0.000"/>
  <system-out/>
  <testcase classname="MTO.Standard_Sku" name="create" time="0.000"/>
  <system-out/>
  <testcase classname="MTO.Standard_Sku" name="create" time="0.000"/>
  <system-out/>
  <testcase classname="MTO.Standard_Sku" name="create" time="0.001"/>
  <system-out/>
  <testcase classname="MTO.Standard_Sku" name="create" time="0.000"/>
  <system-out/>
  <testcase classname="MTO.Standard_Sku" name="create" time="0.000"/>
  <system-out/>
  <testcase classname="MTO.Standard_Sku" name="create" time="0.000"/>
  <system-out/>
  <testcase classname="MTO.Standard_Sku" name="create" time="0.000"/>
  <system-out/>
  <testcase classname="MTO.Standard_Sku" name="create" time="0.001"/>
  <system-out/>
  <testcase classname="MTO.Standard_Sku" name="create" time="0.000"/>
  <system-out/>
  <testcase classname="MTO.Standard_Sku" name="create" time="0.000"/>
  <system-out/>
  <testcase classname="MTO.Standard_Sku" name="create" time="0.000"/>
  <system-out/>
  <testcase classname="MTO.Standard_Sku" name="create" time="0.001"/>
  <system-out/>
  <testcase classname="MTO.Standard_Sku" name="create" time="0.000"/>
  <system-out/>
  <testcase classname="MTO.Standard_Sku" name="create" time="0.000"/>
  <system-out/>
  <testcase classname="MTO.Standard_Sku" name="create" time="0.000"/>
  <system-out/>
  <testcase classname="MTO.Standard_Sku" name="create" time="0.000"/>
  <system-out/>
  <testcase classname="MTO.Standard_Sku" name="create" time="0.000"/>
  <system-out/>
  <testcase classname="MTO.Standard_Sku" name="create" time="0.001"/>
  <system-out/>
  <testcase classname="MTO.Standard_Sku" name="create" time="0.001"/>
  <system-out/>
  <testcase classname="MTO.Standard_Sku" name="create" time="0.000"/>
  <system-out/>
  <testcase classname="MTO.Standard_Sku" name="create" time="0.000"/>
  <system-out/>
  <testcase classname="MTO.Standard_Sku" name="create" time="0.001"/>
  <system-out/>
  <testcase classname="MTO.Standard_Sku" name="create" time="0.000"/>
  <system-out/>
  <testcase classname="MTO.Standard_Sku" name="create" time="0.001"/>
  <system-out/>
  <testcase classname="MTO.Standard_Sku" name="create" time="0.000"/>
  <system-out/>
  <testcase classname="MTO.Standard_Sku" name="create" time="0.000"/>
  <system-out/>
  <testcase classname="MTO.Standard_Sku" name="create" time="0.000"/>
  <system-out/>
  <testcase classname="MTO.Standard_Sku" name="create" time="0.000"/>
  <system-out/>
  <testcase classname="MTO.Standard_Sku" name="create" time="0.001"/>
  <system-out/>
  <testcase classname="MTO.Standard_Sku" name="create" time="0.000"/>
  <system-out/>
  <testcase classname="MTO.Standard_Sku" name="create" time="0.001"/>
  <system-out/>
  <testcase classname="MTO.Standard_Sku" name="create" time="0.000"/>
  <system-out/>
  <testcase classname="MTO.Standard_Sku" name="create" time="0.000"/>
  <system-out/>
  <testcase classname="MTO.Standard_Sku" name="create" time="0.000"/>
  <system-out/>
  <testcase classname="MTO.Standard_Sku" name="create" time="0.000"/>
  <system-out/>
  <testcase classname="MTO.Standard_Sku" name="create" time="0.000"/>
  <system-out/>
  <testcase classname="MTO.Standard_Sku" name="create" time="0.000"/>
  <system-out/>
  <testcase classname="MTO.Standard_Sku" name="create" time="0.000"/>
  <system-out/>
  <testcase classname="MTO.Standard_Sku" name="create" time="0.000"/>
  <system-out/>
  <testcase classname="MTO.Standard_Sku" name="create" time="0.000"/>
  <system-out/>
  <testcase classname="MTO.Standard_Sku" name="create" time="0.000"/>
  <system-out/>
  <testcase classname="MTO.Standard_Sku" name="create" time="0.000"/>
  <system-out/>
  <testcase classname="MTO.Standard_Sku" name="create" time="0.000"/>
  <system-out/>
  <testcase classname="MTO.Standard_Sku" name="create" time="0.001"/>
  <system-out/>
  <testcase classname="MTO.Standard_Sku" name="create" time="0.000"/>
  <system-out/>
  <testcase classname="MTO.Standard_Sku" name="create" time="0.000"/>
  <system-out/>
  <testcase classname="MTO.Standard_Sku" name="create" time="0.000"/>
  <system-out/>
  <testcase classname="MTO.Standard_Sku" name="create" time="0.000"/>
  <system-out/>
  <testcase classname="MTO.Standard_Sku" name="create" time="0.001"/>
  <system-out/>
  <testcase classname="MTO.Standard_Sku" name="create" time="0.000"/>
  <system-out/>
  <testcase classname="MTO.Standard_Sku" name="create" time="0.000"/>
  <system-out/>
  <testcase classname="MTO.Standard_Sku" name="create" time="0.000"/>
  <system-out/>
  <testcase classname="MTO.Standard_Sku" name="create" time="0.000"/>
  <system-out/>
  <testcase classname="MTO.Standard_Sku" name="create" time="0.000"/>
  <system-out/>
  <testcase classname="MTO.Standard_Sku" name="create" time="0.000"/>
  <system-out/>
  <testcase classname="MTO.Standard_Sku" name="create" time="0.000"/>
  <system-out/>
  <testcase classname="MTO.Standard_Sku" name="create" time="0.000"/>
  <system-out/>
  <testcase classname="MTO.Standard_Sku" name="create" time="0.000"/>
  <system-out/>
  <testcase classname="MTO.Standard_Sku" name="create" time="0.000"/>
  <system-out/>
  <testcase classname="MTO.Standard_Sku" name="create" time="0.000"/>
  <system-out/>
  <testcase classname="MTO.Standard_Sku" name="create" time="0.000"/>
  <system-out/>
  <testcase classname="MTO.Standard_Sku" name="create" time="0.000"/>
  <system-out/>
  <testcase classname="MTO.Standard_Sku" name="create" time="0.001"/>
  <system-out/>
  <testcase classname="MTO.Standard_Sku" name="create" time="0.000"/>
  <system-out/>
  <testcase classname="MTO.Standard_Sku" name="create" time="0.000"/>
  <system-out/>
  <testcase classname="MTO.Standard_Sku" name="create" time="0.000"/>
  <system-out/>
  <testcase classname="MTO.Standard_Sku" name="create" time="0.000"/>
  <system-out/>
  <testcase classname="MTO.Standard_Sku" name="create" time="0.000"/>
  <system-out/>
  <testcase classname="MTO.Standard_Sku" name="create" time="0.001"/>
  <system-out/>
  <testcase classname="MTO.Standard_Sku" name="create" time="0.000"/>
  <system-out/>
  <testcase classname="MTO.Standard_Sku" name="create" time="0.000"/>
  <system-out/>
  <testcase classname="MTO.Standard_Sku" name="create" time="0.000"/>
  <system-out/>
  <testcase classname="MTO.Standard_Sku" name="create" time="0.001"/>
  <system-out/>
  <testcase classname="MTO.Standard_Sku" name="create" time="0.000"/>
  <system-out/>
  <testcase classname="MTO.Standard_Sku" name="create" time="0.000"/>
  <system-out/>
  <testcase classname="MTO.Standard_Sku" name="create" time="0.001"/>
  <system-out/>
  <testcase classname="MTO.Standard_Sku" name="create" time="0.000"/>
  <system-out/>
  <testcase classname="MTO.Standard_Sku" name="create" time="0.000"/>
  <system-out/>
  <testcase classname="MTO.Standard_Sku" name="create" time="0.000"/>
  <system-out/>
  <testcase classname="MTO.Standard_Sku" name="create" time="0.000"/>
  <system-out/>
  <testcase classname="MTO.Standard_Sku" name="create" time="0.001"/>
  <system-out/>
  <testcase classname="MTO.Standard_Sku" name="create" time="0.001"/>
  <system-out/>
  <testcase classname="MTO.Standard_Sku" name="create" time="0.000"/>
  <system-out/>
  <testcase classname="MTO.Standard_Sku" name="create" time="0.001"/>
  <system-out/>
  <testcase classname="MTO.Standard_Sku" name="create" time="0.000"/>
  <system-out/>
  <testcase classname="MTO.Standard_Sku" name="create" time="0.000"/>
  <system-out/>
  <testcase classname="MTO.Standard_Sku" name="create" time="0.000"/>
  <system-out/>
  <testcase classname="MTO.Standard_Sku" name="create" time="0.000"/>
  <system-out/>
  <testcase classname="MTO.Standard_Sku" name="create" time="0.000"/>
  <system-out/>
  <testcase classname="MTO.Standard_Sku" name="create" time="0.000"/>
  <system-out/>
  <testcase classname="MTO.Standard_Sku" name="create" time="0.000"/>
  <system-out/>
  <testcase classname="MTO.Standard_Sku" name="create" time="0.001"/>
  <system-out/>
  <testcase classname="MTO.Standard_Sku" name="create" time="0.000"/>
  <system-out/>
  <testcase classname="MTO.Standard_Sku" name="create" time="0.000"/>
  <system-out/>
  <testcase classname="MTO.Standard_Sku" name="create" time="0.000"/>
  <system-out/>
  <testcase classname="MTO.Standard_Sku" name="create" time="0.000"/>
  <system-out/>
  <testcase classname="MTO.Standard_Sku" name="create" time="0.000"/>
  <system-out/>
  <testcase classname="MTO.Standard_Sku" name="create" time="0.000"/>
  <system-out/>
  <testcase classname="MTO.Standard_Sku" name="create" time="0.000"/>
  <system-out/>
  <testcase classname="MTO.Standard_Sku" name="create" time="0.000"/>
  <system-out/>
  <testcase classname="MTO.Standard_Sku" name="create" time="0.000"/>
  <system-out/>
  <testcase classname="MTO.Standard_Sku" name="create" time="0.000"/>
  <system-out/>
  <testcase classname="MTO.Standard_Sku" name="create" time="0.001"/>
  <system-out/>
  <testcase classname="MTO.Standard_Sku" name="create" time="0.001"/>
  <system-out/>
  <testcase classname="MTO.Standard_Sku" name="create" time="0.000"/>
  <system-out/>
  <testcase classname="MTO.Standard_Sku" name="create" time="0.000"/>
  <system-out/>
  <testcase classname="MTO.Standard_Sku" name="create" time="0.000"/>
  <system-out/>
  <testcase classname="MTO.Standard_Sku" name="create" time="0.000"/>
  <system-out/>
  <testcase classname="MTO.Standard_Sku" name="create" time="0.001"/>
  <system-out/>
  <testcase classname="MTO.Standard_Sku" name="create" time="0.000"/>
  <system-out/>
  <testcase classname="MTO.Standard_Sku" name="create" time="0.001"/>
  <system-out/>
  <testcase classname="MTO.Standard_Sku" name="create" time="0.000"/>
  <system-out/>
  <testcase classname="MTO.Standard_Sku" name="create" time="0.000"/>
  <system-out/>
  <testcase classname="MTO.Standard_Sku" name="create" time="0.000"/>
  <system-out/>
  <testcase classname="MTO.Standard_Sku" name="create" time="0.000"/>
  <system-out/>
  <testcase classname="MTO.Standard_Sku" name="create" time="0.000"/>
  <system-out/>
  <testcase classname="MTO.Standard_Sku" name="create" time="0.000"/>
  <system-out/>
  <testcase classname="MTO.Standard_Sku" name="create" time="0.000"/>
  <system-out/>
  <testcase classname="MTO.Standard_Sku" name="create" time="0.000"/>
  <system-out/>
  <testcase classname="MTO.Standard_Sku" name="create" time="0.001"/>
  <system-out/>
  <testcase classname="MTO.Standard_Sku" name="create" time="0.000"/>
  <system-out/>
  <testcase classname="MTO.Standard_Sku" name="create" time="0.000"/>
  <system-out/>
  <testcase classname="MTO.Standard_Sku" name="create" time="0.000"/>
  <system-out/>
  <testcase classname="MTO.Standard_Sku" name="create" time="0.001"/>
  <system-out/>
  <testcase classname="MTO.Standard_Sku" name="create" time="0.001"/>
  <system-out/>
  <testcase classname="MTO.Standard_Sku" name="create" time="0.000"/>
  <system-out/>
  <testcase classname="MTO.Standard_Sku" name="create" time="0.000"/>
  <system-out/>
  <testcase classname="MTO.Standard_Sku" name="create" time="0.000"/>
  <system-out/>
  <testcase classname="MTO.Standard_Sku" name="create" time="0.001"/>
  <system-out/>
  <testcase classname="MTO.Standard_Sku" name="create" time="0.000"/>
  <system-out/>
  <testcase classname="MTO.Standard_Sku" name="create" time="0.000"/>
  <system-out/>
  <testcase classname="MTO.Standard_Sku" name="create" time="0.000"/>
  <system-out/>
  <testcase classname="MTO.Standard_Sku" name="create" time="0.000"/>
  <system-out/>
  <testcase classname="MTO.Standard_Sku" name="create" time="0.000"/>
  <system-out/>
  <testcase classname="MTO.Standard_Sku" name="create" time="0.000"/>
  <system-out/>
  <testcase classname="MTO.Standard_Sku" name="create" time="0.000"/>
  <system-out/>
  <testcase classname="MTO.Standard_Sku" name="create" time="0.001"/>
  <system-out/>
  <testcase classname="MTO.Standard_Sku" name="create" time="0.000"/>
  <system-out/>
  <testcase classname="MTO.Standard_Sku" name="create" time="0.000"/>
  <system-out/>
  <testcase classname="MTO.Standard_Sku" name="create" time="0.001"/>
  <system-out/>
  <testcase classname="MTO.Standard_Sku" name="create" time="0.001"/>
  <system-out/>
  <testcase classname="MTO.Standard_Sku" name="create" time="0.000"/>
  <system-out/>
  <testcase classname="MTO.Standard_Sku" name="create" time="0.000"/>
  <system-out/>
  <testcase classname="MTO.Standard_Sku" name="create" time="0.000"/>
  <system-out/>
  <testcase classname="MTO.Standard_Sku" name="create" time="0.000"/>
  <system-out/>
  <testcase classname="MTO.Standard_Sku" name="create" time="0.001"/>
  <system-out/>
  <testcase classname="MTO.Standard_Sku" name="create" time="0.001"/>
  <system-out/>
  <testcase classname="MTO.Standard_Sku" name="create" time="0.001"/>
  <system-out/>
  <testcase classname="MTO.Standard_Sku" name="create" time="0.001"/>
  <system-out/>
  <testcase classname="MTO.Standard_Sku" name="create" time="0.000"/>
  <system-out/>
  <testcase classname="MTO.Standard_Sku" name="create" time="0.000"/>
  <system-out/>
  <testcase classname="MTO.Standard_Sku" name="create" time="0.000"/>
  <system-out/>
  <testcase classname="MTO.Standard_Sku" name="create" time="0.000"/>
  <system-out/>
  <testcase classname="MTO.Standard_Sku" name="create" time="0.001"/>
  <system-out/>
  <testcase classname="MTO.Standard_Sku" name="create" time="0.000"/>
  <system-out/>
  <testcase classname="MTO.Standard_Sku" name="create" time="0.000"/>
  <system-out/>
  <testcase classname="MTO.Standard_Sku" name="create" time="0.001"/>
  <system-out/>
  <testcase classname="MTO.Standard_Sku" name="create" time="0.001"/>
  <system-out/>
  <testcase classname="MTO.Standard_Sku" name="create" time="0.000"/>
  <system-out/>
  <testcase classname="MTO.Standard_Sku" name="create" time="0.000"/>
  <system-out/>
  <testcase classname="MTO.Standard_Sku" name="create" time="0.000"/>
  <system-out/>
  <testcase classname="MTO.Standard_Sku" name="create" time="0.000"/>
  <system-out/>
  <testcase classname="MTO.Standard_Sku" name="create" time="0.000"/>
  <system-out/>
  <testcase classname="MTO.Standard_Sku" name="create" time="0.000"/>
  <system-out/>
  <testcase classname="MTO.Standard_Sku" name="create" time="0.000"/>
  <system-out/>
  <testcase classname="MTO.Standard_Sku" name="create" time="0.001"/>
  <system-out/>
  <testcase classname="MTO.Standard_Sku" name="create" time="0.000"/>
  <system-out/>
  <testcase classname="MTO.Standard_Sku" name="create" time="0.000"/>
  <system-out/>
  <testcase classname="MTO.Standard_Sku" name="create" time="0.001"/>
  <system-out/>
  <testcase classname="MTO.Standard_Sku" name="create" time="0.000"/>
  <system-out/>
  <testcase classname="MTO.Standard_Sku" name="create" time="0.001"/>
  <system-out/>
  <testcase classname="MTO.Standard_Sku" name="create" time="0.000"/>
  <system-out/>
  <testcase classname="MTO.Standard_Sku" name="create" time="0.001"/>
  <system-out/>
  <testcase classname="MTO.Standard_Sku" name="create" time="0.000"/>
  <system-out/>
  <testcase classname="MTO.Standard_Sku" name="create" time="0.001"/>
  <system-out/>
  <testcase classname="MTO.Standard_Sku" name="create" time="0.000"/>
  <system-out/>
  <testcase classname="MTO.Standard_Sku" name="create" time="0.001"/>
  <system-out/>
  <testcase classname="MTO.Standard_Sku" name="create" time="0.001"/>
  <system-out/>
  <testcase classname="MTO.Standard_Sku" name="create" time="0.000"/>
  <system-out/>
  <testcase classname="MTO.Standard_Sku" name="create" time="0.000"/>
  <system-out/>
  <testcase classname="MTO.Standard_Sku" name="create" time="0.000"/>
  <system-out/>
  <testcase classname="MTO.Standard_Sku" name="create" time="0.000"/>
  <system-out/>
  <testcase classname="MTO.Standard_Sku" name="create" time="0.001"/>
  <system-out/>
  <testcase classname="MTO.Standard_Sku" name="create" time="0.002"/>
  <system-out/>
  <testcase classname="MTO.Standard_Sku" name="create" time="0.000"/>
  <system-out/>
  <testcase classname="MTO.Standard_Sku" name="create" time="0.000"/>
  <system-out/>
  <testcase classname="MTO.Standard_Sku" name="create" time="0.000"/>
  <system-out/>
  <testcase classname="MTO.Standard_Sku" name="create" time="0.001"/>
  <system-out/>
  <testcase classname="MTO.Standard_Sku" name="create" time="0.000"/>
  <system-out/>
  <testcase classname="MTO.Standard_Sku" name="create" time="0.000"/>
  <system-out/>
  <testcase classname="MTO.Standard_Sku" name="create" time="0.000"/>
  <system-out/>
  <testcase classname="MTO.Standard_Sku" name="create" time="0.001"/>
  <system-out/>
  <testcase classname="MTO.Standard_Sku" name="create" time="0.000"/>
  <system-out/>
  <testcase classname="MTO.Standard_Sku" name="create" time="0.001"/>
  <system-out/>
  <testcase classname="MTO.Standard_Sku" name="create" time="0.001"/>
  <system-out/>
  <testcase classname="MTO.Standard_Sku" name="create" time="0.000"/>
  <system-out/>
  <testcase classname="MTO.Standard_Sku" name="create" time="0.001"/>
  <system-out/>
  <testcase classname="MTO.Standard_Sku" name="create" time="0.000"/>
  <system-out/>
  <testcase classname="MTO.Standard_Sku" name="create" time="0.000"/>
  <system-out/>
  <testcase classname="MTO.Standard_Sku" name="create" time="0.000"/>
  <system-out/>
  <testcase classname="MTO.Standard_Sku" name="create" time="0.000"/>
  <system-out/>
  <testcase classname="MTO.Standard_Sku" name="create" time="0.001"/>
  <system-out/>
  <testcase classname="MTO.Standard_Sku" name="create" time="0.001"/>
  <system-out/>
  <testcase classname="MTO.Standard_Sku" name="create" time="0.001"/>
  <system-out/>
  <testcase classname="MTO.Standard_Sku" name="create" time="0.000"/>
  <system-out/>
  <testcase classname="MTO.Standard_Sku" name="create" time="0.000"/>
  <system-out/>
  <testcase classname="MTO.Standard_Sku" name="create" time="0.000"/>
  <system-out/>
  <testcase classname="MTO.Standard_Sku" name="create" time="0.000"/>
  <system-out/>
  <testcase classname="MTO.Standard_Sku" name="create" time="0.001"/>
  <system-out/>
  <testcase classname="MTO.Standard_Sku" name="create" time="0.000"/>
  <system-out/>
  <testcase classname="MTO.Standard_Sku" name="create" time="0.000"/>
  <system-out/>
  <testcase classname="MTO.Standard_Sku" name="create" time="0.000"/>
  <system-out/>
  <testcase classname="MTO.Standard_Sku" name="create" time="0.001"/>
  <system-out/>
  <testcase classname="MTO.Standard_Sku" name="create" time="0.002"/>
  <system-out/>
  <testcase classname="MTO.Standard_Sku" name="create" time="0.000"/>
  <system-out/>
  <testcase classname="MTO.Standard_Sku" name="create" time="0.001"/>
  <system-out/>
  <testcase classname="MTO.Standard_Sku" name="create" time="0.000"/>
  <system-out/>
  <testcase classname="MTO.Standard_Sku" name="create" time="0.000"/>
  <system-out/>
  <testcase classname="MTO.Standard_Sku" name="create" time="0.000"/>
  <system-out/>
  <testcase classname="MTO.Standard_Sku" name="create" time="0.000"/>
  <system-out/>
  <testcase classname="MTO.Standard_Sku" name="create" time="0.000"/>
  <system-out/>
  <testcase classname="MTO.Standard_Sku" name="create" time="0.000"/>
  <system-out/>
  <testcase classname="MTO.Standard_Sku" name="create" time="0.000"/>
  <system-out/>
  <testcase classname="MTO.Standard_Sku" name="create" time="0.002"/>
  <system-out/>
  <testcase classname="MTO.Standard_Sku" name="create" time="0.001"/>
  <system-out/>
  <testcase classname="MTO.Standard_Sku" name="create" time="0.000"/>
  <system-out/>
  <testcase classname="MTO.Standard_Sku" name="create" time="0.001"/>
  <system-out/>
  <testcase classname="MTO.Standard_Sku" name="create" time="0.000"/>
  <system-out/>
  <testcase classname="MTO.Standard_Sku" name="create" time="0.000"/>
  <system-out/>
  <testcase classname="MTO.Standard_Sku" name="create" time="0.000"/>
  <system-out/>
  <testcase classname="MTO.Standard_Sku" name="create" time="0.001"/>
  <system-out/>
  <testcase classname="MTO.Standard_Sku" name="create" time="0.000"/>
  <system-out/>
  <testcase classname="MTO.Standard_Sku" name="create" time="0.000"/>
  <system-out/>
  <testcase classname="MTO.Standard_Sku" name="create" time="0.000"/>
  <system-out/>
  <testcase classname="MTO.Standard_Sku" name="create" time="0.000"/>
  <system-out/>
  <testcase classname="MTO.Standard_Sku" name="create" time="0.001"/>
  <system-out/>
  <testcase classname="MTO.Standard_Sku" name="create" time="0.000"/>
  <system-out/>
  <testcase classname="MTO.Standard_Sku" name="create" time="0.000"/>
  <system-out/>
  <testcase classname="MTO.Standard_Sku" name="create" time="0.000"/>
  <system-out/>
  <testcase classname="MTO.Standard_Sku" name="create" time="0.000"/>
  <system-out/>
  <testcase classname="MTO.Standard_Sku" name="create" time="0.000"/>
  <system-out/>
  <testcase classname="MTO.Standard_Sku" name="create" time="0.001"/>
  <system-out/>
  <testcase classname="MTO.Standard_Sku" name="create" time="0.000"/>
  <system-out/>
  <testcase classname="MTO.Standard_Sku" name="create" time="0.001"/>
  <system-out/>
  <testcase classname="MTO.Standard_Sku" name="create" time="0.000"/>
  <system-out/>
  <testcase classname="MTO.Standard_Sku" name="create" time="0.000"/>
  <system-out/>
  <testcase classname="MTO.Standard_Sku" name="create" time="0.000"/>
  <system-out/>
  <testcase classname="MTO.Standard_Sku" name="create" time="0.000"/>
  <system-out/>
  <testcase classname="MTO.Standard_Sku" name="create" time="0.001"/>
  <system-out/>
  <testcase classname="MTO.Standard_Sku" name="create" time="0.000"/>
  <system-out/>
  <testcase classname="MTO.Standard_Sku" name="create" time="0.000"/>
  <system-out/>
  <testcase classname="MTO.Standard_Sku" name="create" time="0.001"/>
  <system-out/>
  <testcase classname="MTO.Standard_Sku" name="create" time="0.000"/>
  <system-out/>
  <testcase classname="MTO.Standard_Sku" name="create" time="0.000"/>
  <system-out/>
  <testcase classname="MTO.Standard_Sku" name="create" time="0.000"/>
  <system-out/>
  <testcase classname="MTO.Standard_Sku" name="create" time="0.000"/>
  <system-out/>
  <testcase classname="MTO.Standard_Sku" name="create" time="0.000"/>
  <system-out/>
  <testcase classname="MTO.Standard_Sku" name="create" time="0.000"/>
  <system-out/>
  <testcase classname="MTO.Standard_Sku" name="create" time="0.001"/>
  <system-out/>
  <testcase classname="MTO.Standard_Sku" name="create" time="0.001"/>
  <system-out/>
  <testcase classname="MTO.Standard_Sku" name="create" time="0.000"/>
  <system-out/>
  <testcase classname="MTO.Standard_Sku" name="create" time="0.000"/>
  <system-out/>
  <testcase classname="MTO.Standard_Sku" name="create" time="0.001"/>
  <system-out/>
  <testcase classname="MTO.Standard_Sku" name="create" time="0.000"/>
  <system-out/>
  <testcase classname="MTO.Standard_Sku" name="create" time="0.000"/>
  <system-out/>
[...]
  <testcase classname="MTO.Standard_Sku" name="create" time="0.000"/>
  <system-out/>
  <testcase classname="MTO.Standard_Sku" name="create" time="0.000"/>
  <system-out/>
  <testcase classname="MTO.Standard_Sku" name="create" time="0.000"/>
  <system-out/>
  <testcase classname="MTO.Standard_Sku" name="create" time="0.000"/>
  <system-out/>
  <testcase classname="MTO.Standard_Sku" name="create" time="0.000"/>
  <system-out/>
  <testcase classname="MTO.Standard_Sku" name="create" time="0.000"/>
  <system-out/>
  <testcase classname="MTO.Standard_Sku" name="create" time="0.000"/>
  <system-out/>
  <testcase classname="MTO.Standard_Sku" name="create" time="0.001"/>
  <system-out/>
  <testcase classname="MTO.Standard_Sku" name="create" time="0.001"/>
  <system-out/>
  <testcase classname="MTO.Standard_Sku" name="create" time="0.000"/>
  <system-out/>
  <testcase classname="MTO.Standard_Sku" name="create" time="0.000"/>
  <system-out/>
  <testcase classname="MTO.Standard_Sku" name="create" time="0.001"/>
  <system-out/>
  <testcase classname="MTO.Standard_Sku" name="create" time="0.000"/>
  <system-out/>
  <testcase classname="MTO.Standard_Sku" name="create" time="0.000"/>
  <system-out/>
  <testcase classname="MTO.Standard_Sku" name="create" time="0.000"/>
  <system-out/>
  <testcase classname="MTO.Standard_Sku" name="create" time="0.001"/>
  <system-out/>
  <testcase classname="MTO.Standard_Sku" name="create" time="0.000"/>
  <system-out/>
  <testcase classname="MTO.Standard_Sku" name="create" time="0.001"/>
  <system-out/>
  <testcase classname="MTO.Standard_Sku" name="create" time="0.000"/>
  <system-out/>
  <testcase classname="MTO.Standard_Sku" name="create" time="0.000"/>
  <system-out/>
  <testcase classname="MTO.Standard_Sku" name="create" time="0.000"/>
  <system-out/>
  <testcase classname="MTO.Standard_Sku" name="create" time="0.001"/>
  <system-out/>
  <testcase classname="MTO.Standard_Sku" name="create" time="0.000"/>
  <system-out/>
  <testcase classname="MTO.Standard_Sku" name="create" time="0.000"/>
  <system-out/>
  <testcase classname="MTO.Standard_Sku" name="create" time="0.001"/>
  <system-out/>
  <testcase classname="MTO.Standard_Sku" name="create" time="0.000"/>
  <system-out/>
  <testcase classname="MTO.Standard_Sku" name="create" time="0.001"/>
  <system-out/>
  <testcase classname="MTO.Standard_Sku" name="create" time="0.001"/>
  <system-out/>
  <testcase classname="MTO.Standard_Sku" name="create" time="0.000"/>
  <system-out/>
  <testcase classname="MTO.Standard_Sku" name="create" time="0.000"/>
  <system-out/>
  <testcase classname="MTO.Standard_Sku" name="create" time="0.000"/>
  <system-out/>
  <testcase classname="MTO.Standard_Sku" name="create" time="0.000"/>
  <system-out/>
  <testcase classname="MTO.Standard_Sku" name="create" time="0.000"/>
  <system-out/>
  <testcase classname="MTO.Standard_Sku" name="create" time="0.001"/>
  <system-out/>
  <testcase classname="MTO.Standard_Sku" name="create" time="0.000"/>
  <system-out/>
  <testcase classname="MTO.Standard_Sku" name="create" time="0.001"/>
  <system-out/>
  <testcase classname="MTO.Standard_Sku" name="create" time="0.000"/>
  <system-out/>
  <testcase classname="MTO.Standard_Sku" name="create" time="0.001"/>
  <system-out/>
  <testcase classname="MTO.Standard_Sku" name="create" time="0.000"/>
  <system-out/>
  <testcase classname="MTO.Standard_Sku" name="create" time="0.000"/>
  <system-out/>
  <testcase classname="MTO.Standard_Sku" name="create" time="0.000"/>
  <system-out/>
  <testcase classname="MTO.Standard_Sku" name="create" time="0.000"/>
  <system-out/>
  <testcase classname="MTO.Standard_Sku" name="create" time="0.000"/>
  <system-out/>
  <testcase classname="MTO.Standard_Sku" name="create" time="0.000"/>
  <system-out/>
  <testcase classname="MTO.Standard_Sku" name="create" time="0.000"/>
  <system-out/>
  <testcase classname="MTO.Standard_Sku" name="create" time="0.000"/>
  <system-out/>
  <testcase classname="MTO.Standard_Sku" name="create" time="0.002"/>
  <system-out/>
  <testcase classname="MTO.Standard_Sku" name="create" time="0.000"/>
  <system-out/>
  <testcase classname="MTO.Standard_Sku" name="create" time="0.000"/>
  <system-out/>
  <testcase classname="MTO.Standard_Sku" name="create" time="0.000"/>
  <system-out/>
  <testcase classname="MTO.Standard_Sku" name="create" time="0.001"/>
  <system-out/>
  <testcase classname="MTO.Standard_Sku" name="create" time="0.000"/>
  <system-out/>
  <testcase classname="MTO.Standard_Sku" name="create" time="0.000"/>
  <system-out/>
  <testcase classname="MTO.Standard_Sku" name="create" time="0.000"/>
  <system-out/>
  <testcase classname="MTO.Standard_Sku" name="create" time="0.000"/>
  <system-out/>
  <testcase classname="MTO.Standard_Sku" name="create" time="0.000"/>
  <system-out/>
  <testcase classname="MTO.Standard_Sku" name="create" time="0.001"/>
  <system-out/>
  <testcase classname="MTO.Standard_Sku" name="create" time="0.000"/>
  <system-out/>
  <testcase classname="MTO.Standard_Sku" name="create" time="0.001"/>
  <system-out/>
  <testcase classname="MTO.Standard_Sku" name="create" time="0.000"/>
  <system-out/>
  <testcase classname="MTO.Standard_Sku" name="create" time="0.000"/>
  <system-out/>
  <testcase classname="MTO.Standard_Sku" name="create" time="0.000"/>
  <system-out/>
  <testcase classname="MTO.Standard_Sku" name="create" time="0.000"/>
  <system-out/>
  <testcase classname="MTO.Standard_Sku" name="create" time="0.001"/>
  <system-out/>
  <testcase classname="MTO.Standard_Sku" name="create" time="0.000"/>
  <system-out/>
  <testcase classname="MTO.Standard_Sku" name="create" time="0.000"/>
  <system-out/>
  <testcase classname="MTO.Standard_Sku" name="create" time="0.000"/>
  <system-out/>
  <testcase classname="MTO.Standard_Sku" name="create" time="0.000"/>
  <system-out/>
  <testcase classname="MTO.Standard_Sku" name="create" time="0.000"/>
  <system-out/>
  <testcase classname="MTO.Standard_Sku" name="create" time="0.001"/>
  <system-out/>
  <testcase classname="MTO.Standard_Sku" name="create" time="0.000"/>
  <system-out/>
  <testcase classname="MTO.Standard_Sku" name="create" time="0.000"/>
  <system-out/>
  <testcase classname="MTO.Standard_Sku" name="create" time="0.000"/>
  <system-out/>
  <testcase classname="MTO.Standard_Sku" name="create" time="0.000"/>
  <system-out/>
  <testcase classname="MTO.Standard_Sku" name="create" time="0.000"/>
  <system-out/>
  <testcase classname="MTO.Standard_Sku" name="create" time="0.000"/>
  <system-out/>
  <testcase classname="MTO.Standard_Sku" name="create" time="0.002"/>
  <system-out/>
  <testcase classname="MTO.Standard_Sku" name="create" time="0.001"/>
  <system-out/>
  <testcase classname="MTO.Standard_Sku" name="create" time="0.001"/>
  <system-out/>
  <testcase classname="MTO.Standard_Sku" name="create" time="0.000"/>
  <system-out/>
  <testcase classname="MTO.Standard_Sku" name="create" time="0.000"/>
  <system-out/>
  <testcase classname="MTO.Standard_Sku" name="create" time="0.000"/>
  <system-out/>
  <testcase classname="MTO.Standard_Sku" name="create" time="0.000"/>
  <system-out/>
  <testcase classname="MTO.Standard_Sku" name="create" time="0.000"/>
  <system-out/>
  <testcase classname="MTO.Standard_Sku" name="create" time="0.001"/>
  <system-out/>
  <testcase classname="MTO.Standard_Sku" name="create" time="0.000"/>
  <system-out/>
  <testcase classname="MTO.Standard_Sku" name="create" time="0.000"/>
  <system-out/>
  <testcase classname="MTO.Standard_Sku" name="create" time="0.000"/>
  <system-out/>
  <testcase classname="MTO.Standard_Sku" name="create" time="0.001"/>
  <system-out/>
  <testcase classname="MTO.Standard_Sku" name="create" time="0.000"/>
  <system-out/>
  <testcase classname="MTO.Standard_Sku" name="create" time="0.001"/>
  <system-out/>
  <testcase classname="MTO.Standard_Sku" name="create" time="0.000"/>
  <system-out/>
  <testcase classname="MTO.Standard_Sku" name="create" time="0.000"/>
  <system-out/>
  <testcase classname="MTO.Standard_Sku" name="create" time="0.000"/>
  <system-out/>
  <testcase classname="MTO.Standard_Sku" name="create" time="0.000"/>
  <system-out/>
  <testcase classname="MTO.Standard_Sku" name="create" time="0.000"/>
  <system-out/>
  <testcase classname="MTO.Standard_Sku" name="create" time="0.000"/>
  <system-out/>
  <testcase classname="MTO.Standard_Sku" name="create" time="0.000"/>
  <system-out/>
  <testcase classname="MTO.Standard_Sku" name="create" time="0.001"/>
  <system-out/>
  <testcase classname="MTO.Standard_Sku" name="create" time="0.001"/>
  <system-out/>
  <testcase classname="MTO.Standard_Sku" name="create" time="0.000"/>
  <system-out/>
  <testcase classname="MTO.Standard_Sku" name="create" time="0.001"/>
  <system-out/>
  <testcase classname="MTO.Standard_Sku" name="create" time="0.001"/>
  <system-out/>
  <testcase classname="MTO.Standard_Sku" name="create" time="0.000"/>
  <system-out/>
  <testcase classname="MTO.Standard_Sku" name="create" time="0.000"/>
  <system-out/>
  <testcase classname="MTO.Standard_Sku" name="create" time="0.000"/>
  <system-out/>
  <testcase classname="MTO.Standard_Sku" name="create" time="0.001"/>
  <system-out/>
  <testcase classname="MTO.Standard_Sku" name="create" time="0.000"/>
  <system-out/>
  <testcase classname="MTO.Standard_Sku" name="create" time="0.000"/>
  <system-out/>
  <testcase classname="MTO.Standard_Sku" name="create" time="0.000"/>
  <system-out/>
  <testcase classname="MTO.Standard_Sku" name="create" time="0.000"/>
  <system-out/>
  <testcase classname="MTO.Standard_Sku" name="create" time="0.000"/>
  <system-out/>
  <testcase classname="MTO.Standard_Sku" name="create" time="0.000"/>
  <system-out/>
  <testcase classname="MTO.Standard_Sku" name="create" time="0.000"/>
  <system-out/>
  <testcase classname="MTO.Standard_Sku" name="create" time="0.000"/>
  <system-out/>
  <testcase classname="MTO.Standard_Sku" name="create" time="0.000"/>
  <system-out/>
  <testcase classname="MTO.Standard_Sku" name="create" time="0.000"/>
  <system-out/>
  <testcase classname="MTO.Standard_Sku" name="create" time="0.000"/>
  <system-out/>
  <testcase classname="MTO.Standard_Sku" name="create" time="0.000"/>
  <system-out/>
  <testcase classname="MTO.Standard_Sku" name="create" time="0.000"/>
  <system-out/>
  <testcase classname="MTO.Standard_Sku" name="create" time="0.000"/>
  <system-out/>
  <testcase classname="MTO.Standard_Sku" name="create" time="0.000"/>
  <system-out/>
  <testcase classname="MTO.Standard_Sku" name="create" time="0.000"/>
  <system-out/>
  <testcase classname="MTO.Standard_Sku" name="create" time="0.000"/>
  <system-out/>
  <testcase classname="MTO.Standard_Sku" name="create" time="0.001"/>
  <system-out/>
  <testcase classname="MTO.Standard_Sku" name="create" time="0.000"/>
  <system-out/>
  <testcase classname="MTO.Standard_Sku" name="create" time="0.000"/>
  <system-out/>
  <testcase classname="MTO.Standard_Sku" name="create" time="0.000"/>
  <system-out/>
  <testcase classname="MTO.Standard_Sku" name="create" time="0.000"/>
  <system-out/>
  <testcase classname="MTO.Standard_Sku" name="create" time="0.001"/>
  <system-out/>
  <testcase classname="MTO.Standard_Sku" name="create" time="0.000"/>
  <system-out/>
  <testcase classname="MTO.Standard_Sku" name="create" time="0.001"/>
  <system-out/>
  <testcase classname="MTO.Standard_Sku" name="create" time="0.001"/>
  <system-out/>
  <testcase classname="MTO.Standard_Sku" name="create" time="0.000"/>
  <system-out/>
  <testcase classname="MTO.Standard_Sku" name="create" time="0.000"/>
  <system-out/>
  <testcase classname="MTO.Standard_Sku" name="create" time="0.001"/>
  <system-out/>
  <testcase classname="MTO.Standard_Sku" name="create" time="0.001"/>
  <system-out/>
  <testcase classname="MTO.Standard_Sku" name="create" time="0.000"/>
  <system-out/>
  <testcase classname="MTO.Standard_Sku" name="create" time="0.000"/>
  <system-out/>
  <testcase classname="MTO.Standard_Sku" name="create" time="0.000"/>
  <system-out/>
  <testcase classname="MTO.Standard_Sku" name="create" time="0.000"/>
  <system-out/>
  <testcase classname="MTO.Standard_Sku" name="create" time="0.001"/>
  <system-out/>
  <testcase classname="MTO.Standard_Sku" name="create" time="0.001"/>
  <system-out/>
  <testcase classname="MTO.Standard_Sku" name="create" time="0.001"/>
  <system-out/>
  <testcase classname="MTO.Standard_Sku" name="create" time="0.000"/>
  <system-out/>
  <testcase classname="MTO.Standard_Sku" name="create" time="0.000"/>
  <system-out/>
  <testcase classname="MTO.Standard_Sku" name="create" time="0.001"/>
  <system-out/>
  <testcase classname="MTO.Standard_Sku" name="create" time="0.000"/>
  <system-out/>
  <testcase classname="MTO.Standard_Sku" name="create" time="0.000"/>
  <system-out/>
  <testcase classname="MTO.Standard_Sku" name="create" time="0.000"/>
  <system-out/>
  <testcase classname="MTO.Standard_Sku" name="create" time="0.000"/>
  <system-out/>
  <testcase classname="MTO.Standard_Sku" name="create" time="0.000"/>
  <system-out/>
  <testcase classname="MTO.Standard_Sku" name="create" time="0.000"/>
  <system-out/>
  <testcase classname="MTO.Standard_Sku" name="create" time="0.000"/>
  <system-out/>
  <testcase classname="MTO.Standard_Sku" name="create" time="0.000"/>
  <system-out/>
  <testcase classname="MTO.Standard_Sku" name="create" time="0.001"/>
  <system-out/>
  <testcase classname="MTO.Standard_Sku" name="create" time="0.000"/>
  <system-out/>
  <testcase classname="MTO.Standard_Sku" name="create" time="0.001"/>
  <system-out/>
  <testcase classname="MTO.Standard_Sku" name="create" time="0.000"/>
  <system-out/>
  <testcase classname="MTO.Standard_Sku" name="create" time="0.000"/>
  <system-out/>
  <testcase classname="MTO.Standard_Sku" name="create" time="0.000"/>
  <system-out/>
  <testcase classname="MTO.Standard_Sku" name="create" time="0.000"/>
  <system-out/>
  <testcase classname="MTO.Standard_Sku" name="create" time="0.000"/>
  <system-out/>
  <testcase classname="MTO.Standard_Sku" name="create" time="0.000"/>
  <system-out/>
  <testcase classname="MTO.Standard_Sku" name="create" time="0.000"/>
  <system-out/>
  <testcase classname="MTO.Standard_Sku" name="create" time="0.000"/>
  <system-out/>
  <testcase classname="MTO.Standard_Sku" name="create" time="0.000"/>
  <system-out/>
  <testcase classname="MTO.Standard_Sku" name="create" time="0.001"/>
  <system-out/>
  <testcase classname="MTO.Standard_Sku" name="create" time="0.000"/>
  <system-out/>
  <testcase classname="MTO.Standard_Sku" name="create" time="0.000"/>
  <system-out/>
  <testcase classname="MTO.Standard_Sku" name="create" time="0.001"/>
  <system-out/>
  <testcase classname="MTO.Standard_Sku" name="create" time="0.000"/>
  <system-out/>
  <testcase classname="MTO.Standard_Sku" name="create" time="0.001"/>
  <system-out/>
  <testcase classname="MTO.Standard_Sku" name="create" time="0.000"/>
  <system-out/>
  <testcase classname="MTO.Standard_Sku" name="create" time="0.000"/>
  <system-out/>
  <testcase classname="MTO.Standard_Sku" name="create" time="0.000"/>
  <system-out/>
  <testcase classname="MTO.Standard_Sku" name="create" time="0.000"/>
  <system-out/>
  <testcase classname="MTO.Standard_Sku" name="create" time="0.000"/>
  <system-out/>
  <testcase classname="MTO.Standard_Sku" name="create" time="0.000"/>
  <system-out/>
  <testcase classname="MTO.Standard_Sku" name="create" time="0.000"/>
  <system-out/>
  <testcase classname="MTO.Standard_Sku" name="create" time="0.000"/>
  <system-out/>
  <testcase classname="MTO.Standard_Sku" name="create" time="0.001"/>
  <system-out/>
  <testcase classname="MTO.Standard_Sku" name="create" time="0.000"/>
  <system-out/>
  <testcase classname="MTO.Standard_Sku" name="create" time="0.000"/>
  <system-out/>
  <testcase classname="MTO.Standard_Sku" name="create" time="0.001"/>
  <system-out/>
  <testcase classname="MTO.Standard_Sku" name="create" time="0.001"/>
  <system-out/>
  <testcase classname="MTO.Standard_Sku" name="create" time="0.000"/>
  <system-out/>
  <testcase classname="MTO.Standard_Sku" name="create" time="0.000"/>
  <system-out/>
  <testcase classname="MTO.Standard_Sku" name="create" time="0.000"/>
  <system-out/>
  <testcase classname="MTO.Standard_Sku" name="create" time="0.000"/>
  <system-out/>
  <testcase classname="MTO.Standard_Sku" name="create" time="0.000"/>
  <system-out/>
  <testcase classname="MTO.Standard_Sku" name="create" time="0.000"/>
  <system-out/>
  <testcase classname="MTO.Standard_Sku" name="create" time="0.000"/>
  <system-out/>
  <testcase classname="MTO.Standard_Sku" name="create" time="0.000"/>
  <system-out/>
  <testcase classname="MTO.Standard_Sku" name="create" time="0.000"/>
  <system-out/>
  <testcase classname="MTO.Standard_Sku" name="create" time="0.001"/>
  <system-out/>
  <testcase classname="MTO.Standard_Sku" name="create" time="0.000"/>
  <system-out/>
  <testcase classname="MTO.Standard_Sku" name="create" time="0.000"/>
  <system-out/>
  <testcase classname="MTO.Standard_Sku" name="create" time="0.000"/>
  <system-out/>
  <testcase classname="MTO.Standard_Sku" name="create" time="0.001"/>
  <system-out/>
  <testcase classname="MTO.Standard_Sku" name="create" time="0.000"/>
  <system-out/>
  <testcase classname="MTO.Standard_Sku" name="create" time="0.001"/>
  <system-out/>
  <testcase classname="MTO.Standard_Sku" name="create" time="0.000"/>
  <system-out/>
  <testcase classname="MTO.Standard_Sku" name="create" time="0.000"/>
  <system-out/>
  <testcase classname="MTO.Standard_Sku" name="create" time="0.000"/>
  <system-out/>
  <testcase classname="MTO.Standard_Sku" name="create" time="0.000"/>
  <system-out/>
  <testcase classname="MTO.Standard_Sku" name="create" time="0.000"/>
  <system-out/>
  <testcase classname="MTO.Standard_Sku" name="create" time="0.000"/>
  <system-out/>
  <testcase classname="MTO.Standard_Sku" name="create" time="0.000"/>
  <system-out/>
  <testcase classname="MTO.Standard_Sku" name="create" time="0.000"/>
  <system-out/>
  <testcase classname="MTO.Standard_Sku" name="create" time="0.000"/>
  <system-out/>
  <testcase classname="MTO.Standard_Sku" name="create" time="0.001"/>
  <system-out/>
  <testcase classname="MTO.Standard_Sku" name="create" time="0.000"/>
  <system-out/>
  <testcase classname="MTO.Standard_Sku" name="create" time="0.000"/>
  <system-out/>
  <testcase classname="MTO.Standard_Sku" name="create" time="0.002"/>
  <system-out/>
  <testcase classname="MTO.Standard_Sku" name="create" time="0.000"/>
  <system-out/>
  <testcase classname="MTO.Standard_Sku" name="create" time="0.001"/>
  <system-out/>
  <testcase classname="MTO.Standard_Sku" name="create" time="0.000"/>
  <system-out/>
  <testcase classname="MTO.Standard_Sku" name="create" time="0.000"/>
  <system-out/>
  <testcase classname="MTO.Standard_Sku" name="create" time="0.000"/>
  <system-out/>
  <testcase classname="MTO.Standard_Sku" name="create" time="0.001"/>
  <system-out/>
  <testcase classname="MTO.Standard_Sku" name="create" time="0.000"/>
  <system-out/>
  <testcase classname="MTO.Standard_Sku" name="create" time="0.000"/>
  <system-out/>
  <testcase classname="MTO.Standard_Sku" name="create" time="0.000"/>
  <system-out/>
  <testcase classname="MTO.Standard_Sku" name="create" time="0.000"/>
  <system-out/>
  <testcase classname="MTO.Standard_Sku" name="create" time="0.000"/>
  <system-out/>
  <testcase classname="MTO.Standard_Sku" name="create" time="0.000"/>
  <system-out/>
  <testcase classname="MTO.Standard_Sku" name="create" time="0.000"/>
  <system-out/>
  <testcase classname="MTO.Standard_Sku" name="create" time="0.001"/>
  <system-out/>
  <testcase classname="MTO.Standard_Sku" name="create" time="0.003"/>
  <system-out/>
  <testcase classname="MTO.Standard_Sku" name="create" time="0.000"/>
  <system-out/>
  <testcase classname="MTO.Standard_Sku" name="create" time="0.001"/>
  <system-out/>
</testsuite> <!-- MTO.Standard_Sku -->
