<?xml version="1.0" encoding="UTF-8"?>
<!-- Generated by org.testng.reporters.JUnitXMLReporter -->
<testsuite ignored="0" hostname="radhey" failures="0" tests="25" name="Default test" time="7.87" errors="0" timestamp="2024-04-09T18:59:33 IST">
  <testcase classname="MTO.MTO_Catalogue" name="create" time="1.599"/>
  <testcase classname="MTO.MTO_Catalogue" name="create" time="0.218"/>
  <testcase classname="MTO.MTO_Catalogue" name="create" time="0.415"/>
  <testcase classname="MTO.MTO_Catalogue" name="create" time="0.062"/>
  <testcase classname="MTO.MTO_Catalogue" name="create" time="0.399"/>
  <testcase classname="MTO.MTO_Catalogue" name="create" time="0.089"/>
  <testcase classname="MTO.MTO_Catalogue" name="create" time="0.387"/>
  <testcase classname="MTO.MTO_Catalogue" name="create" time="0.357"/>
  <testcase classname="MTO.MTO_Catalogue" name="create" time="0.04"/>
  <testcase classname="MTO.MTO_Catalogue" name="create" time="0.06"/>
  <testcase classname="MTO.MTO_Catalogue" name="create" time="0.263"/>
  <testcase classname="MTO.MTO_Catalogue" name="create" time="0.165"/>
  <testcase classname="MTO.MTO_Catalogue" name="create" time="0.35"/>
  <testcase classname="MTO.MTO_Catalogue" name="create" time="0.081"/>
  <testcase classname="MTO.MTO_Catalogue" name="create" time="0.031"/>
  <testcase classname="MTO.MTO_Catalogue" name="create" time="0.396"/>
  <testcase classname="MTO.MTO_Catalogue" name="create" time="0.073"/>
  <testcase classname="MTO.MTO_Catalogue" name="create" time="0.371"/>
  <testcase classname="MTO.MTO_Catalogue" name="create" time="0.412"/>
  <testcase classname="MTO.MTO_Catalogue" name="create" time="0.4"/>
  <testcase classname="MTO.MTO_Catalogue" name="create" time="0.385"/>
  <testcase classname="MTO.MTO_Catalogue" name="create" time="0.038"/>
  <testcase classname="MTO.MTO_Catalogue" name="create" time="0.329"/>
  <testcase classname="MTO.MTO_Catalogue" name="create" time="0.025"/>
  <testcase classname="MTO.MTO_Catalogue" name="create" time="0.048"/>
</testsuite> <!-- Default test -->
