<?xml version="1.0" encoding="UTF-8"?>
<!-- Generated by org.testng.reporters.JUnitXMLReporter -->
<testsuite ignored="0" hostname="radhey" failures="0" tests="9" name="Default test" time="0.768" errors="0" timestamp="2024-04-16T17:38:29 IST">
  <testcase classname="Correct_Code.Standard_Sku" name="create" time="0.006"/>
  <testcase classname="Correct_Code.Standard_Sku" name="create" time="0.001"/>
  <testcase classname="Correct_Code.Standard_Sku" name="create" time="0.001"/>
  <testcase classname="Correct_Code.Standard_Sku" name="create" time="0.001"/>
  <testcase classname="Correct_Code.Standard_Sku" name="create" time="0.001"/>
  <testcase classname="Correct_Code.Standard_Sku" name="create" time="0.001"/>
  <testcase classname="Correct_Code.Standard_Sku" name="create" time="0.004"/>
  <testcase classname="Correct_Code.Standard_Sku" name="create" time="0.001"/>
  <testcase classname="Correct_Code.Standard_Sku" name="create" time="0.001"/>
</testsuite> <!-- Default test -->
